This is pdfTeX, Version 3.141592653-2.6-1.40.22 (TeX Live 2021) (preloaded format=pdflatex 2021.4.6)  11 AUG 2021 16:24
entering extended mode
 restricted \write18 enabled.
 %&-line parsing enabled.
**GDKS02_bb_B_mu005_f040_A17a.tex
(./GDKS02_bb_B_mu005_f040_A17a.tex
LaTeX2e <2020-10-01> patch level 4
L3 programming layer <2021-02-18>

! LaTeX Error: Missing \begin{document}.

See the LaTeX manual or LaTeX Companion for explanation.
Type  H <return>  for immediate help.
 ...                                              
                                                  
l.1 \begin{verbatim}
                    
You're in trouble here.  Try typing  <return>  to proceed.
If that doesn't work, type  X <return>  to quit.


Overfull \hbox (20.0pt too wide) in paragraph at lines 1--1
[] 
 []


Overfull \hbox (267.74767pt too wide) in paragraph at lines 37--37
[]\OT1/cmtt/m/n/10 The file of general information for this simulation[] 
 []


Overfull \hbox (304.49734pt too wide) in paragraph at lines 37--37
[]    \OT1/cmtt/m/n/10 108          : gvers       | version of this file type[]
 
 []


Overfull \hbox (393.74657pt too wide) in paragraph at lines 37--37
[]     \OT1/cmtt/m/n/10 17          : nRVEs       | number of RVEs in the soil 
column, integer[] 
 []


Overfull \hbox (330.74712pt too wide) in paragraph at lines 37--37
[]      \OT1/cmtt/m/n/10 1          : nLayers     | number of stratigraphic lay
ers[] 
 []


Overfull \hbox (393.74657pt too wide) in paragraph at lines 37--37
[]      \OT1/cmtt/m/n/10 0          : iABfile     | whether to cread A & B file
s in dempla run[] 
 []


Overfull \hbox (362.24684pt too wide) in paragraph at lines 37--37
[]      \OT1/cmtt/m/n/10 1          : iPreProcess | is it necessary to do pre-p
rocessing[] 
 []


Overfull \hbox (367.4968pt too wide) in paragraph at lines 37--37
[]      \OT1/cmtt/m/n/10 0.483d0    : BaseDepth   | depth of rock below ground 
surface, m[] 
 []


Overfull \hbox (372.74675pt too wide) in paragraph at lines 37--37
[]      \OT1/cmtt/m/n/10 1.000d0    : WaterDepth  | depth of water below ground
 surface, m[] 
 []


Overfull \hbox (299.24739pt too wide) in paragraph at lines 37--37
[]      \OT1/cmtt/m/n/10 8.00d-3    : visc_w      | viscocity of water, Pa*s[] 

 []


Overfull \hbox (288.74748pt too wide) in paragraph at lines 37--37
[]     \OT1/cmtt/m/n/10 18.5d-6     : visc_a      | viscocity of air, Pa*s[] 
 []


Overfull \hbox (283.49753pt too wide) in paragraph at lines 37--37
[]    \OT1/cmtt/m/n/10 998.23d0     : rho_w       | water density, kg/m^3[] 
 []


Overfull \hbox (398.99652pt too wide) in paragraph at lines 37--37
[]      \OT1/cmtt/m/n/10 1.18d0     : rho_a       | air density, kg/m^3 (free a
ir above ground)[] 
 []


Overfull \hbox (330.74712pt too wide) in paragraph at lines 37--37
[]    \OT1/cmtt/m/n/10 196.140d0    : grav        | acceleration of gravity, m/
s^2[] 
 []


Overfull \hbox (367.4968pt too wide) in paragraph at lines 37--37
[]      \OT1/cmtt/m/n/10 1.290d0    : centrifuge  | intertial mass factor for c
entrifuges[] 
 []


Overfull \hbox (362.24684pt too wide) in paragraph at lines 37--37
[]      \OT1/cmtt/m/n/10 1.0d-6     : ddef_target | strain-step during a dempla
 DEM step[] 
 []


Overfull \hbox (314.99725pt too wide) in paragraph at lines 37--37
[]      \OT1/cmtt/m/n/10 1          : nDempla_out | interval for dempla results
[] 
 []


Overfull \hbox (372.74675pt too wide) in paragraph at lines 37--37
[]     \OT1/cmtt/m/n/10 20          : nDEM_out    | interval for DEM results du
ring dempla[] 
 []


Overfull \hbox (377.9967pt too wide) in paragraph at lines 37--37
[]      \OT1/cmtt/m/n/10 0.50d0     : C_factor    | adjustment to the dempla Co
urant number[] 
 []


Overfull \hbox (414.74638pt too wide) in paragraph at lines 37--37
[]      \OT1/cmtt/m/n/10 0.         : Direct_soil | ground slope direction (CCW
 from x1 toward x2)[] 
 []


Overfull \hbox (272.99762pt too wide) in paragraph at lines 37--37
[]      \OT1/cmtt/m/n/10 0.         : Dip_soil    | ground and rock dip[] 
 []


Overfull \hbox (314.99725pt too wide) in paragraph at lines 37--37
[]      \OT1/cmtt/m/n/10 0.         : Direct_water| water table slope direction
[] 
 []


Overfull \hbox (251.9978pt too wide) in paragraph at lines 37--37
[]      \OT1/cmtt/m/n/10 0.         : Dip_water   | water table dip[] 
 []


Overfull \hbox (330.74712pt too wide) in paragraph at lines 37--37
[]    \OT1/cmtt/m/n/10 200          : nTiltSteps  | DEM time steps to create sl
ope[] 
 []


Overfull \hbox (356.99689pt too wide) in paragraph at lines 37--37
[]    \OT1/cmtt/m/n/10 200          : nTiltEquil  | DEM time steps to equilibra
te slope[] 
 []


Overfull \hbox (419.99634pt too wide) in paragraph at lines 37--37
[]      \OT1/cmtt/m/n/10 0.001d0    : t_PostShake | post-shaking quiescent peri
od of no rock motion[] 
 []


Overfull \hbox (404.24648pt too wide) in paragraph at lines 37--37
[]    \OT1/cmtt/m/n/10 200.d0       : t_Setl      | post-shaking settlement (co
nsolidation) time[] 
 []


Overfull \hbox (283.49753pt too wide) in paragraph at lines 37--37
[]\OT1/cmtt/m/n/10 ************ Additional Layer Information ************[] 
 []


Overfull \hbox (278.24757pt too wide) in paragraph at lines 37--37
[]   \OT1/cmtt/m/n/10 lSat =   a special saturation when S_o=1?  (0,1,2)[] 
 []


Overfull \hbox (225.74803pt too wide) in paragraph at lines 37--37
[]   \OT1/cmtt/m/n/10 xSat =   adjustment to p_wcav when S_o=1[] 
 []


Overfull \hbox (267.74767pt too wide) in paragraph at lines 37--37
[]   \OT1/cmtt/m/n/10 k_geot = hydraulic conductivity, m/s (Q = k*i*A)[] 
 []


Overfull \hbox (209.99817pt too wide) in paragraph at lines 37--37
[]\OT1/cmtt/m/n/10 lSat|   xSat  |  k_geot |iCap|   xCap  |[] 
 []


Overfull \hbox (209.99817pt too wide) in paragraph at lines 37--37
[]\OT1/cmtt/m/n/10 ----|---------|---------|----|---------|[] 
 []


Overfull \hbox (194.2483pt too wide) in paragraph at lines 37--37
[]  \OT1/cmtt/m/n/10 0   0.       0.0034d-2   0       0.[] 
 []

)
! Emergency stop.
<*> GDKS02_bb_B_mu005_f040_A17a.tex
                                   
*** (job aborted, no legal \end found)

 
Here is how much of TeX's memory you used:
 20 strings out of 478994
 497 string characters out of 5858185
 292087 words of memory out of 5000000
 17605 multiletter control sequences out of 15000+600000
 403598 words of font info for 28 fonts, out of 8000000 for 9000
 1141 hyphenation exceptions out of 8191
 16i,1n,15p,114b,158s stack positions out of 5000i,500n,10000p,200000b,80000s
!  ==> Fatal error occurred, no output PDF file produced!
