This is pdfTeX, Version 3.141592653-2.6-1.40.22 (TeX Live 2021) (preloaded format=pdflatex 2021.4.6)  20 AUG 2021 18:19
entering extended mode
 restricted \write18 enabled.
 %&-line parsing enabled.
**dempla_0_2_3.tex
(./dempla_0_2_3.tex
LaTeX2e <2020-10-01> patch level 4
L3 programming layer <2021-02-18>
(/usr/local/texlive/2021/texmf-dist/tex/latex/base/article.cls
Document Class: article 2020/04/10 v1.4m Standard LaTeX document class
(/usr/local/texlive/2021/texmf-dist/tex/latex/base/size11.clo
File: size11.clo 2020/04/10 v1.4m Standard LaTeX file (size option)
)
\c@part=\count179
\c@section=\count180
\c@subsection=\count181
\c@subsubsection=\count182
\c@paragraph=\count183
\c@subparagraph=\count184
\c@figure=\count185
\c@table=\count186
\abovecaptionskip=\skip47
\belowcaptionskip=\skip48
\bibindent=\dimen138
)
(/usr/local/texlive/2021/texmf-dist/tex/latex/graphics/graphicx.sty
Package: graphicx 2020/09/09 v1.2b Enhanced LaTeX Graphics (DPC,SPQR)

(/usr/local/texlive/2021/texmf-dist/tex/latex/graphics/keyval.sty
Package: keyval 2014/10/28 v1.15 key=value parser (DPC)
\KV@toks@=\toks15
)
(/usr/local/texlive/2021/texmf-dist/tex/latex/graphics/graphics.sty
Package: graphics 2020/08/30 v1.4c Standard LaTeX Graphics (DPC,SPQR)

(/usr/local/texlive/2021/texmf-dist/tex/latex/graphics/trig.sty
Package: trig 2016/01/03 v1.10 sin cos tan (DPC)
)
(/usr/local/texlive/2021/texmf-dist/tex/latex/graphics-cfg/graphics.cfg
File: graphics.cfg 2016/06/04 v1.11 sample graphics configuration
)
Package graphics Info: Driver file: pdftex.def on input line 105.

(/usr/local/texlive/2021/texmf-dist/tex/latex/graphics-def/pdftex.def
File: pdftex.def 2020/10/05 v1.2a Graphics/color driver for pdftex
))
\Gin@req@height=\dimen139
\Gin@req@width=\dimen140
)
(/usr/local/texlive/2021/texmf-dist/tex/latex/graphics/color.sty
Package: color 2020/02/24 v1.2b Standard LaTeX Color (DPC)

(/usr/local/texlive/2021/texmf-dist/tex/latex/graphics-cfg/color.cfg
File: color.cfg 2016/01/02 v1.6 sample color configuration
)
Package color Info: Driver file: pdftex.def on input line 147.
)
(/usr/local/texlive/2021/texmf-dist/tex/latex/hyperref/hyperref.sty
Package: hyperref 2021-02-27 v7.00k Hypertext links for LaTeX

(/usr/local/texlive/2021/texmf-dist/tex/generic/ltxcmds/ltxcmds.sty
Package: ltxcmds 2020-05-10 v1.25 LaTeX kernel commands for general use (HO)
)
(/usr/local/texlive/2021/texmf-dist/tex/generic/iftex/iftex.sty
Package: iftex 2020/03/06 v1.0d TeX engine tests
)
(/usr/local/texlive/2021/texmf-dist/tex/generic/pdftexcmds/pdftexcmds.sty
Package: pdftexcmds 2020-06-27 v0.33 Utility functions of pdfTeX for LuaTeX (HO
)

(/usr/local/texlive/2021/texmf-dist/tex/generic/infwarerr/infwarerr.sty
Package: infwarerr 2019/12/03 v1.5 Providing info/warning/error messages (HO)
)
Package pdftexcmds Info: \pdf@primitive is available.
Package pdftexcmds Info: \pdf@ifprimitive is available.
Package pdftexcmds Info: \pdfdraftmode found.
)
(/usr/local/texlive/2021/texmf-dist/tex/generic/kvsetkeys/kvsetkeys.sty
Package: kvsetkeys 2019/12/15 v1.18 Key value parser (HO)
)
(/usr/local/texlive/2021/texmf-dist/tex/generic/kvdefinekeys/kvdefinekeys.sty
Package: kvdefinekeys 2019-12-19 v1.6 Define keys (HO)
)
(/usr/local/texlive/2021/texmf-dist/tex/generic/pdfescape/pdfescape.sty
Package: pdfescape 2019/12/09 v1.15 Implements pdfTeX's escape features (HO)
)
(/usr/local/texlive/2021/texmf-dist/tex/latex/hycolor/hycolor.sty
Package: hycolor 2020-01-27 v1.10 Color options for hyperref/bookmark (HO)
)
(/usr/local/texlive/2021/texmf-dist/tex/latex/letltxmacro/letltxmacro.sty
Package: letltxmacro 2019/12/03 v1.6 Let assignment for LaTeX macros (HO)
)
(/usr/local/texlive/2021/texmf-dist/tex/latex/auxhook/auxhook.sty
Package: auxhook 2019-12-17 v1.6 Hooks for auxiliary files (HO)
)
(/usr/local/texlive/2021/texmf-dist/tex/latex/kvoptions/kvoptions.sty
Package: kvoptions 2020-10-07 v3.14 Key value format for package options (HO)
)
\@linkdim=\dimen141
\Hy@linkcounter=\count187
\Hy@pagecounter=\count188

(/usr/local/texlive/2021/texmf-dist/tex/latex/hyperref/pd1enc.def
File: pd1enc.def 2021-02-27 v7.00k Hyperref: PDFDocEncoding definition (HO)
Now handling font encoding PD1 ...
... no UTF-8 mapping file for font encoding PD1
)
(/usr/local/texlive/2021/texmf-dist/tex/latex/hyperref/hyperref-langpatches.def
File: hyperref-langpatches.def 2021-02-27 v7.00k Hyperref: patches for babel la
nguages
) (/usr/local/texlive/2021/texmf-dist/tex/generic/intcalc/intcalc.sty
Package: intcalc 2019/12/15 v1.3 Expandable calculations with integers (HO)
)
(/usr/local/texlive/2021/texmf-dist/tex/generic/etexcmds/etexcmds.sty
Package: etexcmds 2019/12/15 v1.7 Avoid name clashes with e-TeX commands (HO)
)
\Hy@SavedSpaceFactor=\count189

(/usr/local/texlive/2021/texmf-dist/tex/latex/hyperref/puenc.def
File: puenc.def 2021-02-27 v7.00k Hyperref: PDF Unicode definition (HO)
Now handling font encoding PU ...
... no UTF-8 mapping file for font encoding PU
)
Package hyperref Info: Option `colorlinks' set `true' on input line 4073.
Package hyperref Info: Hyper figures OFF on input line 4192.
Package hyperref Info: Link nesting OFF on input line 4197.
Package hyperref Info: Hyper index ON on input line 4200.
Package hyperref Info: Plain pages OFF on input line 4207.
Package hyperref Info: Backreferencing OFF on input line 4212.
Package hyperref Info: Implicit mode ON; LaTeX internals redefined.
Package hyperref Info: Bookmarks ON on input line 4445.
\c@Hy@tempcnt=\count190

(/usr/local/texlive/2021/texmf-dist/tex/latex/url/url.sty
\Urlmuskip=\muskip16
Package: url 2013/09/16  ver 3.4  Verb mode for urls, etc.
)
LaTeX Info: Redefining \url on input line 4804.
\XeTeXLinkMargin=\dimen142

(/usr/local/texlive/2021/texmf-dist/tex/generic/bitset/bitset.sty
Package: bitset 2019/12/09 v1.3 Handle bit-vector datatype (HO)

(/usr/local/texlive/2021/texmf-dist/tex/generic/bigintcalc/bigintcalc.sty
Package: bigintcalc 2019/12/15 v1.5 Expandable calculations on big integers (HO
)
))
\Fld@menulength=\count191
\Field@Width=\dimen143
\Fld@charsize=\dimen144
Package hyperref Info: Hyper figures OFF on input line 6075.
Package hyperref Info: Link nesting OFF on input line 6080.
Package hyperref Info: Hyper index ON on input line 6083.
Package hyperref Info: backreferencing OFF on input line 6090.
Package hyperref Info: Link coloring ON on input line 6093.
Package hyperref Info: Link coloring with OCG OFF on input line 6100.
Package hyperref Info: PDF/A mode OFF on input line 6105.
LaTeX Info: Redefining \ref on input line 6145.
LaTeX Info: Redefining \pageref on input line 6149.

(/usr/local/texlive/2021/texmf-dist/tex/latex/base/atbegshi-ltx.sty
Package: atbegshi-ltx 2020/08/17 v1.0a Emulation of the original atbegshi packa
ge
with kernel methods
)
\Hy@abspage=\count192
\c@Item=\count193
\c@Hfootnote=\count194
)
Package hyperref Info: Driver (autodetected): hpdftex.

(/usr/local/texlive/2021/texmf-dist/tex/latex/hyperref/hpdftex.def
File: hpdftex.def 2021-02-27 v7.00k Hyperref driver for pdfTeX

(/usr/local/texlive/2021/texmf-dist/tex/latex/base/atveryend-ltx.sty
Package: atveryend-ltx 2020/08/19 v1.0a Emulation of the original atvery packag
e
with kernel methods
)
\Fld@listcount=\count195
\c@bookmark@seq@number=\count196

(/usr/local/texlive/2021/texmf-dist/tex/latex/rerunfilecheck/rerunfilecheck.sty
Package: rerunfilecheck 2019/12/05 v1.9 Rerun checks for auxiliary files (HO)

(/usr/local/texlive/2021/texmf-dist/tex/generic/uniquecounter/uniquecounter.sty
Package: uniquecounter 2019/12/15 v1.4 Provide unlimited unique counter (HO)
)
Package uniquecounter Info: New unique counter `rerunfilecheck' on input line 2
86.
)
\Hy@SectionHShift=\skip49
) (/usr/local/texlive/2021/texmf-dist/tex/latex/subfigure/subfigure.sty
Package: subfigure 2002/03/15 v2.1.5 subfigure package
\subfigtopskip=\skip50
\subfigcapskip=\skip51
\subfigcaptopadj=\dimen145
\subfigbottomskip=\skip52
\subfigcapmargin=\dimen146
\subfiglabelskip=\skip53
\c@subfigure=\count197
\c@lofdepth=\count198
\c@subtable=\count199
\c@lotdepth=\count266

****************************************
* Local config file subfigure.cfg used *
****************************************
(/usr/local/texlive/2021/texmf-dist/tex/latex/subfigure/subfigure.cfg)
\subfig@top=\skip54
\subfig@bottom=\skip55
)
(/usr/local/texlive/2021/texmf-dist/tex/latex/graphics/rotating.sty
Package: rotating 2016/08/11 v2.16d rotated objects in LaTeX

(/usr/local/texlive/2021/texmf-dist/tex/latex/base/ifthen.sty
Package: ifthen 2014/09/29 v1.1c Standard LaTeX ifthen package (DPC)
)
\c@r@tfl@t=\count267
\rotFPtop=\skip56
\rotFPbot=\skip57
\rot@float@box=\box47
\rot@mess@toks=\toks16
)
(/usr/local/texlive/2021/texmf-dist/tex/latex/tools/enumerate.sty
Package: enumerate 2015/07/23 v3.00 enumerate extensions (DPC)
\@enLab=\toks17
)
(/usr/local/texlive/2021/texmf-dist/tex/latex/amsmath/amsmath.sty
Package: amsmath 2020/09/23 v2.17i AMS math features
\@mathmargin=\skip58

For additional information on amsmath, use the `?' option.
(/usr/local/texlive/2021/texmf-dist/tex/latex/amsmath/amstext.sty
Package: amstext 2000/06/29 v2.01 AMS text

(/usr/local/texlive/2021/texmf-dist/tex/latex/amsmath/amsgen.sty
File: amsgen.sty 1999/11/30 v2.0 generic functions
\@emptytoks=\toks18
\ex@=\dimen147
))
(/usr/local/texlive/2021/texmf-dist/tex/latex/amsmath/amsbsy.sty
Package: amsbsy 1999/11/29 v1.2d Bold Symbols
\pmbraise@=\dimen148
)
(/usr/local/texlive/2021/texmf-dist/tex/latex/amsmath/amsopn.sty
Package: amsopn 2016/03/08 v2.02 operator names
)
\inf@bad=\count268
LaTeX Info: Redefining \frac on input line 234.
\uproot@=\count269
\leftroot@=\count270
LaTeX Info: Redefining \overline on input line 399.
\classnum@=\count271
\DOTSCASE@=\count272
LaTeX Info: Redefining \ldots on input line 496.
LaTeX Info: Redefining \dots on input line 499.
LaTeX Info: Redefining \cdots on input line 620.
\Mathstrutbox@=\box48
\strutbox@=\box49
\big@size=\dimen149
LaTeX Font Info:    Redeclaring font encoding OML on input line 743.
LaTeX Font Info:    Redeclaring font encoding OMS on input line 744.
\macc@depth=\count273
\c@MaxMatrixCols=\count274
\dotsspace@=\muskip17
\c@parentequation=\count275
\dspbrk@lvl=\count276
\tag@help=\toks19
\row@=\count277
\column@=\count278
\maxfields@=\count279
\andhelp@=\toks20
\eqnshift@=\dimen150
\alignsep@=\dimen151
\tagshift@=\dimen152
\tagwidth@=\dimen153
\totwidth@=\dimen154
\lineht@=\dimen155
\@envbody=\toks21
\multlinegap=\skip59
\multlinetaggap=\skip60
\mathdisplay@stack=\toks22
LaTeX Info: Redefining \[ on input line 2923.
LaTeX Info: Redefining \] on input line 2924.
)
(/usr/local/texlive/2021/texmf-dist/tex/latex/etoolbox/etoolbox.sty
Package: etoolbox 2020/10/05 v2.5k e-TeX tools for LaTeX (JAW)
\etb@tempcnta=\count280
)
\Labelwidth=\skip61

(/usr/local/texlive/2021/texmf-dist/tex/latex/natbib/natbib.sty
Package: natbib 2010/09/13 8.31b (PWD, AO)
\bibhang=\skip62
\bibsep=\skip63
LaTeX Info: Redefining \cite on input line 694.
\c@NAT@ctr=\count281
)
(/usr/local/texlive/2021/texmf-dist/tex/latex/l3backend/l3backend-pdftex.def
File: l3backend-pdftex.def 2021-03-18 L3 backend support: PDF output (pdfTeX)
\l__color_backend_stack_int=\count282
\l__pdf_internal_box=\box50
)
(./dempla_0_2_3.aux)
\openout1 = `dempla_0_2_3.aux'.

LaTeX Font Info:    Checking defaults for OML/cmm/m/it on input line 104.
LaTeX Font Info:    ... okay on input line 104.
LaTeX Font Info:    Checking defaults for OMS/cmsy/m/n on input line 104.
LaTeX Font Info:    ... okay on input line 104.
LaTeX Font Info:    Checking defaults for OT1/cmr/m/n on input line 104.
LaTeX Font Info:    ... okay on input line 104.
LaTeX Font Info:    Checking defaults for T1/cmr/m/n on input line 104.
LaTeX Font Info:    ... okay on input line 104.
LaTeX Font Info:    Checking defaults for TS1/cmr/m/n on input line 104.
LaTeX Font Info:    ... okay on input line 104.
LaTeX Font Info:    Checking defaults for OMX/cmex/m/n on input line 104.
LaTeX Font Info:    ... okay on input line 104.
LaTeX Font Info:    Checking defaults for U/cmr/m/n on input line 104.
LaTeX Font Info:    ... okay on input line 104.
LaTeX Font Info:    Checking defaults for PD1/pdf/m/n on input line 104.
LaTeX Font Info:    ... okay on input line 104.
LaTeX Font Info:    Checking defaults for PU/pdf/m/n on input line 104.
LaTeX Font Info:    ... okay on input line 104.

(/usr/local/texlive/2021/texmf-dist/tex/context/base/mkii/supp-pdf.mkii
[Loading MPS to PDF converter (version 2006.09.02).]
\scratchcounter=\count283
\scratchdimen=\dimen156
\scratchbox=\box51
\nofMPsegments=\count284
\nofMParguments=\count285
\everyMPshowfont=\toks23
\MPscratchCnt=\count286
\MPscratchDim=\dimen157
\MPnumerator=\count287
\makeMPintoPDFobject=\count288
\everyMPtoPDFconversion=\toks24
) (/usr/local/texlive/2021/texmf-dist/tex/latex/epstopdf-pkg/epstopdf-base.sty
Package: epstopdf-base 2020-01-24 v2.11 Base part for package epstopdf

(/usr/local/texlive/2021/texmf-dist/tex/latex/grfext/grfext.sty
Package: grfext 2019/12/03 v1.3 Manage graphics extensions (HO)
)
Package epstopdf-base Info: Redefining graphics rule for `.eps' on input line 4
85.
Package grfext Info: Graphics extension search list:
(grfext)             [.pdf,.png,.jpg,.mps,.jpeg,.jbig2,.jb2,.PDF,.PNG,.JPG,.JPE
G,.JBIG2,.JB2,.eps]
(grfext)             \AppendGraphicsExtensions on input line 504.

(/usr/local/texlive/2021/texmf-dist/tex/latex/latexconfig/epstopdf-sys.cfg
File: epstopdf-sys.cfg 2010/07/13 v1.3 Configuration of (r)epstopdf for TeX Liv
e
))
Package hyperref Info: Link coloring ON on input line 104.

(/usr/local/texlive/2021/texmf-dist/tex/latex/hyperref/nameref.sty
Package: nameref 2021-04-02 v2.47 Cross-referencing by name of section

(/usr/local/texlive/2021/texmf-dist/tex/latex/refcount/refcount.sty
Package: refcount 2019/12/15 v3.6 Data extraction from label references (HO)
)
(/usr/local/texlive/2021/texmf-dist/tex/generic/gettitlestring/gettitlestring.s
ty
Package: gettitlestring 2019/12/15 v1.6 Cleanup title references (HO)
)
\c@section@level=\count289
)
LaTeX Info: Redefining \ref on input line 104.
LaTeX Info: Redefining \pageref on input line 104.
LaTeX Info: Redefining \nameref on input line 104.
 (./dempla_0_2_3.out) (./dempla_0_2_3.out)
\@outlinefile=\write3
\openout3 = `dempla_0_2_3.out'.

 [1

{/usr/local/texlive/2021/texmf-var/fonts/map/pdftex/updmap/pdftex.map}] [2] [3]
 (./dempla_0_2_3.toc

LaTeX Font Warning: Font shape `OT1/cmr/bx/sc' undefined
(Font)              using `OT1/cmr/bx/n' instead on input line 12.

[4] [5] [6] [7] [8])
\tf@toc=\write4
\openout4 = `dempla_0_2_3.toc'.

 [9]
Overfull \hbox (1.26254pt too wide) in paragraph at lines 350--357
[]\OT1/cmr/m/sc/10.95 Dempla \OT1/cmr/m/n/10.95 also in-cludes more ad-vanced c
on-tact mod-els: Hertz-Mindlin mod-els of sphere-
 []

[10] [11] [12] [13]
Overfull \hbox (2.39954pt too wide) in paragraph at lines 614--634
\OT1/cmr/m/n/10.95 The op-tions \OT1/cmtt/m/n/10.95 -std=gnu -O3 -mtune=native 
\OT1/cmr/m/n/10.95 and \OT1/cmtt/m/n/10.95 -ipo -O3 -no-prec-div -fp-model
 []


Overfull \hbox (3.45515pt too wide) in paragraph at lines 614--634
\OT1/cmtt/m/n/10.95 fast=2 -xHost \OT1/cmr/m/n/10.95 pro-duce op-ti-mized code.
 The op-tions \OT1/cmtt/m/n/10.95 -fltconsistency -fpconstant
 []

[14]
LaTeX Font Info:    Trying to load font information for TS1+cmtt on input line 
682.
 (/usr/local/texlive/2021/texmf-dist/tex/latex/base/ts1cmtt.fd
File: ts1cmtt.fd 2019/12/16 v2.5j Standard LaTeX font definitions
)
LaTeX Font Info:    Trying to load font information for OMS+cmtt on input line 
692.
LaTeX Font Info:    No file OMScmtt.fd. on input line 692.


LaTeX Font Warning: Font shape `OMS/cmtt/m/n' undefined
(Font)              using `OMS/cmsy/m/n' instead
(Font)              for symbol `textbackslash' on input line 692.


Overfull \hbox (66.03514pt too wide) in paragraph at lines 694--697
\OT1/cmr/m/n/10.95 https://software.intel.com/en-us/forums/intel-moderncode-for
-parallel-architectures/topic/739878. 
 []


Overfull \hbox (7.20921pt too wide) in paragraph at lines 708--721
\OT1/cmr/m/n/10.95 https://stackoverflow.com/ ques-tions/13264274/ why-segmenta
tion-fault-is-happening-
 []

[15] [16]
Overfull \hbox (19.98126pt too wide) in paragraph at lines 837--840
[]\OT1/cmr/m/n/10.95 If this fails, then in-crease the pa-ram-e-ter \OT1/cmtt/m
/n/10.95 mlistJ \OT1/cmr/m/n/10.95 in the source file \OT1/cmtt/m/n/10.95 param
-dempla-X.X.XX.f\OT1/cmr/m/n/10.95 ,
 []


Underfull \hbox (badness 10000) in paragraph at lines 858--862

 []


Underfull \hbox (badness 10000) in paragraph at lines 883--886

 []

[17] [18] [19] [20]
<Figures/Setup.pdf, id=1247, 212.85045pt x 122.17645pt>
File: Figures/Setup.pdf Graphic file (type pdf)
<use Figures/Setup.pdf>
Package pdftex.def Info: Figures/Setup.pdf  used on input line 1256.
(pdftex.def)             Requested size: 212.84991pt x 122.17613pt.
<Figures/Column.pdf, id=1248, 172.85568pt x 188.42125pt>
File: Figures/Column.pdf Graphic file (type pdf)
<use Figures/Column.pdf>
Package pdftex.def Info: Figures/Column.pdf  used on input line 1256.
(pdftex.def)             Requested size: 172.85526pt x 188.42078pt.
 (./Figures/GFile.tex) [21]
LaTeX Font Info:    Font shape `OT1/cmtt/bx/n' in size <10.95> not available
(Font)              Font shape `OT1/cmtt/m/n' tried instead on input line 1336.



LaTeX Font Warning: Font shape `OMS/cmtt/bx/n' undefined
(Font)              using `OMS/cmtt/m/n' instead
(Font)              for symbol `textbackslash' on input line 1336.


Overfull \hbox (67.1861pt too wide) in paragraph at lines 1358--1367
[]\OT1/cmr/m/n/10.95 The value of \OT1/cmtt/m/n/10.95 nRVEs \OT1/cmr/m/n/10.95 
must not ex-ceed the pa-ram-e-ter \OT1/cmtt/m/n/10.95 mrve \OT1/cmr/m/n/10.95 i
n the source code file \OT1/cmtt/m/n/10.95 param-dempla-0.X.X.f\OT1/cmr/m/n/10.
95 ,
 []

[22 <./Figures/Setup.pdf> <./Figures/Column.pdf

pdfTeX warning: /Library/TeX/texbin/pdflatex (file ./Figures/Column.pdf): PDF i
nclusion: multiple pdfs with page group included in a single page
>] [23] [24] [25] [26]
Underfull \hbox (badness 10000) in paragraph at lines 1631--1642

 []

[27] [28] (./Figures/LFile.tex
Overfull \hbox (48.3244pt too wide) in paragraph at lines 10--10
[]\OT1/cmtt/m/n/9 DEquil_Template_Frict_0.05_DBumpies-10648-6-06-08-064-c_Frict
_0.05_LRforce_-0.20e-4-Int10-1-Nevada-D50[] 
 []

) [29]
LaTeX Font Info:    Font shape `OT1/cmtt/bx/n' in size <12> not available
(Font)              Font shape `OT1/cmtt/m/n' tried instead on input line 1872.

 [30] [31] [32] [33] [34]
(./Figures/Prep_B_frict_040_Isotropic_b_Gen1.5_Aalph_100_nobubble_part1.tex)
(./Figures/Prep_B_frict_040_Isotropic_b_Gen1.5_Aalph_100_nobubble_part2.tex)
[35] [36] [37]
Overfull \hbox (6.72362pt too wide) in paragraph at lines 2372--2392
\OT1/cmr/m/n/10.95 an in-tended pseudo-static sim-u-la-tion. With the stan-dard
 al-go-rithm (\OT1/cmtt/m/n/10.95 algori=1\OT1/cmr/m/n/10.95 ),
 []

[38] [39] [40]
Overfull \hbox (1.95766pt too wide) in paragraph at lines 2576--2584
[]\OT1/cmr/m/n/10.95 A lin-ear con-tact model with fric-tion (see Sec-tions [][
]11.1.22[][], [][]11.1.23[][], and [][]11.1.24[][]).
 []


Overfull \hbox (3.2027pt too wide) in paragraph at lines 2576--2584
\OT1/cmr/m/n/10.95 (\OT1/cmtt/m/n/10.95 kratio\OT1/cmr/m/n/10.95 , Sec-tion [][
]11.1.23[][]), and the fric-tion co-ef-fi-cient $\OML/cmm/m/it/10.95 ^^V$ \OT1/
cmr/m/n/10.95 (\OT1/cmtt/m/n/10.95 frict \OT1/cmr/m/n/10.95 Sec-tion [][]11.1.2
4[][]). 
 []

[41]
Overfull \hbox (15.67532pt too wide) in paragraph at lines 2625--2643
\OT1/cmr/m/n/10.95 which sets the size of ar-rays that store the his-tory, in t
he \OT1/cmtt/m/n/10.95 param-dempla-X.X.XX.f
 []


Overfull \hbox (32.0071pt too wide) in paragraph at lines 2625--2643
\OT1/cmr/m/n/10.95 file and in the \OT1/cmtt/m/n/10.95 subroutine Jager3D \OT1/
cmr/m/n/10.95 and other lo-ca-tions within the \OT1/cmtt/m/n/10.95 dempla-X.X.X
X.f
 []

[42] [43] [44] [45] [46] [47] [48] [49] [50] [51]
Overfull \hbox (1.00388pt too wide) in paragraph at lines 3408--3429
\OT1/cmr/m/n/10.95 These are the six rates of ei-ther de-for-ma-tion or stress,
 as spec-i-fied by \OT1/cmtt/m/n/10.95 icontr \OT1/cmr/m/n/10.95 (Sec-tion [][]
11.2.1[][]).
 []

[52] [53] [54] [55]
<Figures/snapshot1a.pdf, id=1692, 172.645pt x 128.48pt>
File: Figures/snapshot1a.pdf Graphic file (type pdf)
<use Figures/snapshot1a.pdf>
Package pdftex.def Info: Figures/snapshot1a.pdf  used on input line 3822.
(pdftex.def)             Requested size: 172.64456pt x 128.47968pt.
<Figures/snapshot1b.pdf, id=1693, 159.59625pt x 202.7575pt>
File: Figures/snapshot1b.pdf Graphic file (type pdf)
<use Figures/snapshot1b.pdf>
Package pdftex.def Info: Figures/snapshot1b.pdf  used on input line 3824.
(pdftex.def)             Requested size: 111.7166pt x 141.92928pt.
<Figures/Nobby_5_03_085.pdf, id=1695, 94.3525pt x 99.37125pt>
File: Figures/Nobby_5_03_085.pdf Graphic file (type pdf)
<use Figures/Nobby_5_03_085.pdf>
Package pdftex.def Info: Figures/Nobby_5_03_085.pdf  used on input line 3836.
(pdftex.def)             Requested size: 94.35225pt x 99.371pt.
<Figures/Bumpy-2-07-09-075-a.pdf, id=1697, 803.0pt x 602.25pt>
File: Figures/Bumpy-2-07-09-075-a.pdf Graphic file (type pdf)
<use Figures/Bumpy-2-07-09-075-a.pdf>
Package pdftex.def Info: Figures/Bumpy-2-07-09-075-a.pdf  used on input line 38
51.
(pdftex.def)             Requested size: 160.59715pt x 120.44786pt.
<Figures/Bumpy-3-08-10-07-a.pdf, id=1698, 803.0pt x 602.25pt>
File: Figures/Bumpy-3-08-10-07-a.pdf Graphic file (type pdf)
<use Figures/Bumpy-3-08-10-07-a.pdf>
Package pdftex.def Info: Figures/Bumpy-3-08-10-07-a.pdf  used on input line 385
4.
(pdftex.def)             Requested size: 160.59715pt x 120.44786pt.
<Figures/Bumpy-4-06-08-07-a.pdf, id=1699, 803.0pt x 602.25pt>
File: Figures/Bumpy-4-06-08-07-a.pdf Graphic file (type pdf)
<use Figures/Bumpy-4-06-08-07-a.pdf>
Package pdftex.def Info: Figures/Bumpy-4-06-08-07-a.pdf  used on input line 385
7.
(pdftex.def)             Requested size: 160.59715pt x 120.44786pt.
<Figures/Bumpy-6-07-10-06-a.pdf, id=1700, 803.0pt x 602.25pt>
File: Figures/Bumpy-6-07-10-06-a.pdf Graphic file (type pdf)
<use Figures/Bumpy-6-07-10-06-a.pdf>
Package pdftex.def Info: Figures/Bumpy-6-07-10-06-a.pdf  used on input line 386
0.
(pdftex.def)             Requested size: 160.59715pt x 120.44786pt.
<Figures/Bumpy-8-04-09-08-a.pdf, id=1701, 803.0pt x 602.25pt>
File: Figures/Bumpy-8-04-09-08-a.pdf Graphic file (type pdf)
<use Figures/Bumpy-8-04-09-08-a.pdf>
Package pdftex.def Info: Figures/Bumpy-8-04-09-08-a.pdf  used on input line 386
3.
(pdftex.def)             Requested size: 160.59715pt x 120.44786pt.


pdfTeX warning: /Library/TeX/texbin/pdflatex (file ./Figures/xcells.pdf): PDF i
nclusion: found PDF version <1.7>, but at most version <1.5> allowed
<Figures/xcells.pdf, id=1703, 157.58875pt x 143.53625pt>
File: Figures/xcells.pdf Graphic file (type pdf)
<use Figures/xcells.pdf>
Package pdftex.def Info: Figures/xcells.pdf  used on input line 3878.
(pdftex.def)             Requested size: 157.58835pt x 143.53589pt.
[56] [57 <./Figures/snapshot1a.pdf> <./Figures/snapshot1b.pdf> <./Figures/Nobby
_5_03_085.pdf>] [58 <./Figures/Bumpy-2-07-09-075-a.pdf> <./Figures/Bumpy-3-08-1
0-07-a.pdf> <./Figures/Bumpy-4-06-08-07-a.pdf> <./Figures/Bumpy-6-07-10-06-a.pd
f> <./Figures/Bumpy-8-04-09-08-a.pdf>]

pdfTeX warning: /Library/TeX/texbin/pdflatex (file ./Figures/four_arc.pdf): PDF
 inclusion: found PDF version <1.7>, but at most version <1.5> allowed
<Figures/four_arc.pdf, id=1753, 276.03125pt x 230.8625pt>
File: Figures/four_arc.pdf Graphic file (type pdf)
<use Figures/four_arc.pdf>
Package pdftex.def Info: Figures/four_arc.pdf  used on input line 3904.
(pdftex.def)             Requested size: 276.03056pt x 230.86192pt.
[59 <./Figures/xcells.pdf>] [60 <./Figures/four_arc.pdf>]

pdfTeX warning: /Library/TeX/texbin/pdflatex (file ./Figures/orientation.pdf): 
PDF inclusion: found PDF version <1.7>, but at most version <1.5> allowed
<Figures/orientation.pdf, id=1799, 256.96pt x 181.67876pt>
File: Figures/orientation.pdf Graphic file (type pdf)
<use Figures/orientation.pdf>
Package pdftex.def Info: Figures/orientation.pdf  used on input line 4055.
(pdftex.def)             Requested size: 256.95937pt x 181.6783pt.
[61] [62 <./Figures/orientation.pdf>]

pdfTeX warning: /Library/TeX/texbin/pdflatex (file ./Figures/coordinates.pdf): 
PDF inclusion: found PDF version <1.7>, but at most version <1.5> allowed
<Figures/coordinates.pdf, id=1830, 99.37125pt x 107.40125pt>
File: Figures/coordinates.pdf Graphic file (type pdf)
<use Figures/coordinates.pdf>
Package pdftex.def Info: Figures/coordinates.pdf  used on input line 4207.
(pdftex.def)             Requested size: 99.371pt x 107.40097pt.
[63] [64 <./Figures/coordinates.pdf>] [65] [66]
Underfull \hbox (badness 10000) in paragraph at lines 4504--4506

 []


Underfull \hbox (badness 10000) in paragraph at lines 4514--4519

 []


Underfull \hbox (badness 10000) in paragraph at lines 4525--4527

 []

[67] [68] [69] [70]
Underfull \hbox (badness 10000) in paragraph at lines 4786--4799

 []


Underfull \hbox (badness 10000) in paragraph at lines 4810--4813

 []


Underfull \hbox (badness 10000) in paragraph at lines 4821--4823

 []


Underfull \hbox (badness 10000) in paragraph at lines 4835--4837

 []


Overfull \hbox (20.52634pt too wide) in paragraph at lines 4839--4839
[]       \OT1/cmtt/m/n/10.95 1.430419E+04  4.056670E-03  1.9403765E-02  1.87473
76E-03 9.935762272E-01[] 
 []


Underfull \hbox (badness 10000) in paragraph at lines 4840--4842

 []


Underfull \hbox (badness 10000) in paragraph at lines 4845--4847

 []

[71] [72] [73] [74]

pdfTeX warning: /Library/TeX/texbin/pdflatex (file ./Figures/dcel.pdf): PDF inc
lusion: found PDF version <1.7>, but at most version <1.5> allowed
<Figures/dcel.pdf, id=2011, 259.97125pt x 206.7725pt>
File: Figures/dcel.pdf Graphic file (type pdf)
<use Figures/dcel.pdf>
Package pdftex.def Info: Figures/dcel.pdf  used on input line 5148.
(pdftex.def)             Requested size: 259.97061pt x 206.77199pt.
[75 <./Figures/dcel.pdf>] [76] [77]
Underfull \hbox (badness 10000) in paragraph at lines 5361--5365

 []


Underfull \hbox (badness 10000) in paragraph at lines 5377--5381

 []

[78]
Underfull \hbox (badness 10000) in paragraph at lines 5403--5407

 []


Overfull \hbox (3.24925pt too wide) in paragraph at lines 5459--5466
[]\OT1/cmr/m/n/10.95 For 3D as-sem-blies of ovoids, the for-mat of each line is
 \OT1/cmtt/m/n/10.95 2i7\OT1/cmr/m/n/10.95 ,\OT1/cmtt/m/n/10.95 3(1pe17.9)\OT1/
cmr/m/n/10.95 , \OT1/cmtt/m/n/10.95 10(1pe13.5)\OT1/cmr/m/n/10.95 ,with
 []

[79]
Overfull \hbox (6.53413pt too wide) in paragraph at lines 5502--5506
[]\OT1/cmr/m/n/10.95 For 3D as-sem-blies of bump-ies, the for-mat of each line 
is \OT1/cmtt/m/n/10.95 2i7\OT1/cmr/m/n/10.95 ,\OT1/cmtt/m/n/10.95 3(1pe17.9)\OT
1/cmr/m/n/10.95 , \OT1/cmtt/m/n/10.95 i3\OT1/cmr/m/n/10.95 ,\OT1/cmtt/m/n/10.95
 6(i7,i3,i3)\OT1/cmr/m/n/10.95 ,
 []

[80] [81] [82] [83] [84]
<Figures/radius.pdf, id=2137, 158.5925pt x 144.54pt>
File: Figures/radius.pdf Graphic file (type pdf)
<use Figures/radius.pdf>
Package pdftex.def Info: Figures/radius.pdf  used on input line 6015.
(pdftex.def)             Requested size: 158.59209pt x 144.53963pt.
<Figures/radius3d.pdf, id=2138, 158.5925pt x 144.54pt>
File: Figures/radius3d.pdf Graphic file (type pdf)
<use Figures/radius3d.pdf>
Package pdftex.def Info: Figures/radius3d.pdf  used on input line 6017.
(pdftex.def)             Requested size: 158.59209pt x 144.53963pt.
 [85] [86 <./Figures/radius.pdf> <./Figures/radius3d.pdf>]
Overfull \hbox (104.6333pt too wide) in paragraph at lines 6056--6075
[]\OT1/cmr/m/n/10.95 In ad-di-tion to the files in [][]Ta-ble 5[][][], the web-
site in-cludes a di-rec-tory \OT1/cmtt/m/n/10.95 samples/startfiles/Series[]cir
cls[]1002/
 []

[87] [88]
Overfull \hbox (34.15546pt too wide) in paragraph at lines 6286--6291
[]\OT1/cmr/m/n/10.95 For this sim-u-la-tion the pa-ram-e-ter \OT1/cmtt/m/n/10.9
5 mlistJ \OT1/cmr/m/n/10.95 should be set to 800 in the \OT1/cmtt/m/n/10.95 par
am-dempla.X.X.XX.f
 []

[89] (./Figures/CIUC_pq_unsat_loose_part1.tex)
(./Figures/CIUC_pq_unsat_loose_part2.tex) [90] [91] [92] [93] [94]
Overfull \hbox (34.15546pt too wide) in paragraph at lines 6616--6621
[]\OT1/cmr/m/n/10.95 For this sim-u-la-tion the pa-ram-e-ter \OT1/cmtt/m/n/10.9
5 mlistJ \OT1/cmr/m/n/10.95 should be set to 800 in the \OT1/cmtt/m/n/10.95 par
am-dempla.X.X.XX.f
 []

(./Figures/CIUC_Cyclic_unsat_loose_part2.tex) [95] [96] [97]
Overfull \hbox (6.7804pt too wide) in paragraph at lines 6851--6857
[]\OT1/cmr/m/n/10.95 For this sim-u-la-tion the pa-ram-e-ter \OT1/cmtt/m/n/10.9
5 mlistJ \OT1/cmr/m/n/10.95 was set to 200 in the \OT1/cmtt/m/n/10.95 param-dem
pla.X.X.XX.f
 []

[98]
Overfull \hbox (3.89433pt too wide) in paragraph at lines 6924--6928
\OT1/cmr/m/n/10.95 di-rec-to-ries. The \OT1/cmss/m/n/10.95 Base-Name \OT1/cmr/m
/n/10.95 of this par-tic-u-lar sim-u-la-tion is \OT1/cmtt/m/n/10.95 DKS02[]bb[]
B[]mu005[]f040[]A17\OT1/cmr/m/n/10.95 : 
 []


Overfull \hbox (27.38623pt too wide) in paragraph at lines 6936--6950
\OT1/cmss/m/n/10.95 GFile\OT1/cmr/m/n/10.95 inside of the \OT1/cmss/m/n/10.95 B
ase-Name \OT1/cmr/m/n/10.95 folder (in this ex-am-ple, the folder \OT1/cmtt/m/n
/10.95 DKS02[]bb[]B[]mu005[]f040[]A17\OT1/cmr/m/n/10.95 ).
 []


Overfull \hbox (53.60463pt too wide) in paragraph at lines 6936--6950
\OT1/cmr/m/n/10.95 This file is in-cluded in the github repos-i-tory, in-side o
f the \OT1/cmtt/m/n/10.95 examples/DKS02[]bb[]B[]mu005[]f040[]A17/
 []


Overfull \hbox (32.76997pt too wide) in paragraph at lines 6950--6959
\OT1/cmss/m/n/10.95 LFile\OT1/cmr/m/n/10.95 s in-side of the \OT1/cmss/m/n/10.9
5 Base-Name \OT1/cmr/m/n/10.95 folder (in this ex-am-ple, the folder \OT1/cmtt/
m/n/10.95 DKS02[]bb[]B[]mu005[]f040[]A17\OT1/cmr/m/n/10.95 ).
 []


Overfull \hbox (51.11046pt too wide) in paragraph at lines 6962--6968
\OT1/cmr/m/n/10.95 The file is in-cluded in the github repos-i-tory, in-side of
 the \OT1/cmtt/m/n/10.95 examples/DKS02[]bb[]B[]mu005[]f040[]A17/
 []

[99] [100]
Overfull \hbox (146.99747pt too wide) in paragraph at lines 7092--7092
[]\OT1/cmtt/m/n/10.95 DEquil_Template_Frict_0.05_DBumpies-10648-6-06-08-064-c_F
rict_0.05_LRforce_-0.20e-4-Int10-1-Nevada-D5[] 
 []


Overfull \hbox (35.21512pt too wide) in paragraph at lines 7146--7159
\OT1/cmr/m/n/10.95 the layer (the file \OT1/cmtt/m/n/10.95 L0001[]DKS02[]bb[]B[
]mu005[]f040[]A17 \OT1/cmr/m/n/10.95 in the \OT1/cmtt/m/n/10.95 examples/DKS02[
]bb[]B[]mu005[]f040[]A17
 []

[101] [102] [103] [104]
Overfull \hbox (2.98099pt too wide) in paragraph at lines 7549--7554
[]\OT1/cmr/m/n/10.95 If you are as-sign-ing ini-tial ran-dom ve-loc-i-ties to t
he par-ti-cles (an in-put value []),
 []



pdfTeX warning: /Library/TeX/texbin/pdflatex (file ./Figures/four_circles.pdf):
 PDF inclusion: found PDF version <1.7>, but at most version <1.5> allowed
<Figures/four_circles.pdf, id=2449, 47.17625pt x 46.1725pt>
File: Figures/four_circles.pdf Graphic file (type pdf)
<use Figures/four_circles.pdf>
Package pdftex.def Info: Figures/four_circles.pdf  used on input line 7566.
(pdftex.def)             Requested size: 47.17612pt x 46.17236pt.
[105] (./dempla_0_2_3.bbl [106 <./Figures/four_circles.pdf>] [107] [108])
[109] (./dempla_0_2_3.aux)

LaTeX Font Warning: Some font shapes were not available, defaults substituted.

Package rerunfilecheck Info: File `dempla_0_2_3.out' has not changed.
(rerunfilecheck)             Checksum: 8F0CE7F4A34EE3944DEBA4A2EE3A3F7D;29823.
 ) 
Here is how much of TeX's memory you used:
 10643 strings out of 478994
 156989 string characters out of 5858185
 486012 words of memory out of 5000000
 27454 multiletter control sequences out of 15000+600000
 419575 words of font info for 85 fonts, out of 8000000 for 9000
 1141 hyphenation exceptions out of 8191
 71i,16n,74p,549b,542s stack positions out of 5000i,500n,10000p,200000b,80000s
{/usr/local/texlive/2021/texmf-dist/fonts/enc/dvips/cm-super/cm-super-ts1.enc
}</usr/local/texlive/2021/texmf-dist/fonts/type1/public/amsfonts/cm/cmbx10.pfb>
</usr/local/texlive/2021/texmf-dist/fonts/type1/public/amsfonts/cm/cmbx12.pfb><
/usr/local/texlive/2021/texmf-dist/fonts/type1/public/amsfonts/cm/cmcsc10.pfb><
/usr/local/texlive/2021/texmf-dist/fonts/type1/public/amsfonts/cm/cmex10.pfb></
usr/local/texlive/2021/texmf-dist/fonts/type1/public/amsfonts/cm/cmmi10.pfb></u
sr/local/texlive/2021/texmf-dist/fonts/type1/public/amsfonts/cm/cmmi8.pfb></usr
/local/texlive/2021/texmf-dist/fonts/type1/public/amsfonts/cm/cmmib10.pfb></usr
/local/texlive/2021/texmf-dist/fonts/type1/public/amsfonts/cm/cmr10.pfb></usr/l
ocal/texlive/2021/texmf-dist/fonts/type1/public/amsfonts/cm/cmr12.pfb></usr/loc
al/texlive/2021/texmf-dist/fonts/type1/public/amsfonts/cm/cmr17.pfb></usr/local
/texlive/2021/texmf-dist/fonts/type1/public/amsfonts/cm/cmr7.pfb></usr/local/te
xlive/2021/texmf-dist/fonts/type1/public/amsfonts/cm/cmr8.pfb></usr/local/texli
ve/2021/texmf-dist/fonts/type1/public/amsfonts/cm/cmr9.pfb></usr/local/texlive/
2021/texmf-dist/fonts/type1/public/amsfonts/cm/cmss10.pfb></usr/local/texlive/2
021/texmf-dist/fonts/type1/public/amsfonts/cm/cmssbx10.pfb></usr/local/texlive/
2021/texmf-dist/fonts/type1/public/amsfonts/cm/cmsy10.pfb></usr/local/texlive/2
021/texmf-dist/fonts/type1/public/amsfonts/cm/cmsy8.pfb></usr/local/texlive/202
1/texmf-dist/fonts/type1/public/amsfonts/cm/cmti10.pfb></usr/local/texlive/2021
/texmf-dist/fonts/type1/public/amsfonts/cm/cmtt10.pfb></usr/local/texlive/2021/
texmf-dist/fonts/type1/public/amsfonts/cm/cmtt12.pfb></usr/local/texlive/2021/t
exmf-dist/fonts/type1/public/amsfonts/cm/cmtt9.pfb></usr/local/texlive/2021/tex
mf-dist/fonts/type1/public/cm-super/sfrm0600.pfb></usr/local/texlive/2021/texmf
-dist/fonts/type1/public/cm-super/sfrm0800.pfb></usr/local/texlive/2021/texmf-d
ist/fonts/type1/public/cm-super/sfrm1095.pfb></usr/local/texlive/2021/texmf-dis
t/fonts/type1/public/cm-super/sftt1095.pfb>
Output written on dempla_0_2_3.pdf (109 pages, 831872 bytes).
PDF statistics:
 2678 PDF objects out of 2984 (max. 8388607)
 2459 compressed objects within 25 object streams
 475 named destinations out of 1000 (max. 500000)
 1763 words of extra memory for PDF output out of 10000 (max. 10000000)

