\BOOKMARK [1][-]{section.1}{\376\377\000I\000n\000t\000r\000o\000d\000u\000c\000t\000i\000o\000n}{}% 1
\BOOKMARK [1][-]{section.2}{\376\377\000C\000o\000n\000t\000e\000n\000t\000s}{}% 2
\BOOKMARK [1][-]{section.3}{\376\377\000C\000a\000p\000a\000b\000i\000l\000i\000t\000i\000e\000s\000\040\000a\000n\000d\000\040\000l\000i\000m\000i\000t\000a\000t\000i\000o\000n\000s}{}% 3
\BOOKMARK [2][-]{subsection.3.1}{\376\377\000C\000a\000p\000a\000b\000i\000l\000i\000t\000i\000e\000s\000\040\000a\000n\000d\000\040\000l\000i\000m\000i\000t\000a\000t\000i\000o\000n\000s\000\040\000o\000f\000\040\000t\000h\000e\000\040\000c\000o\000d\000e}{section.3}% 4
\BOOKMARK [2][-]{subsection.3.2}{\376\377\000T\000h\000i\000n\000g\000s\000\040\000t\000o\000\040\000d\000o}{section.3}% 5
\BOOKMARK [1][-]{section.4}{\376\377\000A\000v\000a\000i\000l\000a\000b\000i\000l\000i\000t\000y\000\040\000a\000n\000d\000\040\000i\000n\000s\000t\000a\000l\000l\000a\000t\000i\000o\000n}{}% 6
\BOOKMARK [2][-]{subsection.4.1}{\376\377\000C\000o\000m\000p\000i\000l\000i\000n\000g\000\040\000D\000e\000m\000p\000l\000a\000\040\000o\000n\000\040\000L\000i\000n\000u\000x\000\040\000s\000y\000s\000t\000e\000m\000s}{section.4}% 7
\BOOKMARK [2][-]{subsection.4.2}{\376\377\000m\000a\000c\000O\000S\000\040\000s\000y\000s\000t\000e\000m\000s}{section.4}% 8
\BOOKMARK [2][-]{subsection.4.3}{\376\377\000W\000i\000n\000d\000o\000w\000s\000\040\000s\000y\000s\000t\000e\000m\000s}{section.4}% 9
\BOOKMARK [1][-]{section.5}{\376\377\000H\000e\000l\000p\000f\000u\000l\000/\000e\000s\000s\000e\000n\000t\000i\000a\000l\000\040\000u\000t\000i\000l\000i\000t\000i\000e\000s}{}% 10
\BOOKMARK [1][-]{section.6}{\376\377\000R\000u\000n\000n\000i\000n\000g\000\040\000D\000e\000m\000p\000l\000a\000\040\000a\000n\000d\000\040\000O\000v\000a\000l}{}% 11
\BOOKMARK [1][-]{section.7}{\376\377\000B\000o\000u\000n\000d\000a\000r\000y\000\040\000T\000y\000p\000e\000s}{}% 12
\BOOKMARK [2][-]{subsection.7.1}{\376\377\000P\000e\000r\000i\000o\000d\000i\000c\000\040\000b\000o\000u\000n\000d\000a\000r\000i\000e\000s}{section.7}% 13
\BOOKMARK [2][-]{subsection.7.2}{\376\377\000T\000i\000g\000h\000t\000-\000f\000i\000t\000t\000i\000n\000g\000\040\000p\000a\000r\000t\000i\000c\000l\000e\000\040\000b\000o\000u\000n\000d\000a\000r\000i\000e\000s}{section.7}% 14
\BOOKMARK [2][-]{subsection.7.3}{\376\377\000R\000i\000g\000i\000d\000-\000f\000l\000a\000t\000\040\000b\000o\000u\000n\000d\000a\000r\000i\000e\000s}{section.7}% 15
\BOOKMARK [2][-]{subsection.7.4}{\376\377\000E\000x\000t\000e\000r\000n\000a\000l\000-\000p\000a\000r\000t\000i\000c\000l\000e\000\040\000b\000o\000u\000n\000d\000a\000r\000i\000e\000s}{section.7}% 16
\BOOKMARK [3][-]{subsubsection.7.4.1}{\376\377\000i\000p\000v\000e\000r\000s}{subsection.7.4}% 17
\BOOKMARK [3][-]{subsubsection.7.4.2}{\376\377\000i\000x\000f\000i\000x\000\050\0001\000\051}{subsection.7.4}% 18
\BOOKMARK [3][-]{subsubsection.7.4.3}{\376\377\000i\000d\000i\000r\000e\000c}{subsection.7.4}% 19
\BOOKMARK [3][-]{subsubsection.7.4.4}{\376\377\000n\000p\000l\000t}{subsection.7.4}% 20
\BOOKMARK [3][-]{subsubsection.7.4.5}{\376\377\000r\000a\000d\000,\000x\000p\000\050\0001\000\051}{subsection.7.4}% 21
\BOOKMARK [1][-]{section.8}{\376\377\000R\000u\000n\000F\000i\000l\000e\000s\000\040\000f\000o\000r\000\040\000O\000v\000a\000l}{}% 22
\BOOKMARK [2][-]{subsection.8.1}{\376\377\000R\000u\000n\000F\000i\000l\000e\000:\000\040\000G\000e\000n\000e\000r\000a\000l\000\040\000i\000n\000f\000o\000r\000m\000a\000t\000i\000o\000n\000\040\000s\000e\000c\000t\000i\000o\000n}{section.8}% 23
\BOOKMARK [3][-]{subsubsection.8.1.1}{\376\377\000t\000i\000t\000l\000e}{subsection.8.1}% 24
\BOOKMARK [3][-]{subsubsection.8.1.2}{\376\377\000a\000l\000g\000o\000r\000i}{subsection.8.1}% 25
\BOOKMARK [3][-]{subsubsection.8.1.3}{\376\377\000i\000v\000e\000r\000s}{subsection.8.1}% 26
\BOOKMARK [3][-]{subsubsection.8.1.4}{\376\377\000n\000c\000o\000w\000n\000t}{subsection.8.1}% 27
\BOOKMARK [3][-]{subsubsection.8.1.5}{\376\377\000i\000o\000u\000t\000\050\0002\000\051}{subsection.8.1}% 28
\BOOKMARK [3][-]{subsubsection.8.1.6}{\376\377\000i\000o\000u\000t\000\050\0003\000\051}{subsection.8.1}% 29
\BOOKMARK [3][-]{subsubsection.8.1.7}{\376\377\000i\000s\000t\000a\000r\000t}{subsection.8.1}% 30
\BOOKMARK [3][-]{subsubsection.8.1.8}{\376\377\000i\000e\000n\000d}{subsection.8.1}% 31
\BOOKMARK [3][-]{subsubsection.8.1.9}{\376\377\000i\000d\000e\000f}{subsection.8.1}% 32
\BOOKMARK [3][-]{subsubsection.8.1.10}{\376\377\000i\000u\000p\000d\000t\000m}{subsection.8.1}% 33
\BOOKMARK [3][-]{subsubsection.8.1.11}{\376\377\000i\000c\000i\000r\000c\000t}{subsection.8.1}% 34
\BOOKMARK [3][-]{subsubsection.8.1.12}{\376\377\000i\000m\000o\000d\000e\000l}{subsection.8.1}% 35
\BOOKMARK [3][-]{subsubsection.8.1.13}{\376\377\000n\000p\000l\000a\000t\000n}{subsection.8.1}% 36
\BOOKMARK [3][-]{subsubsection.8.1.14}{\376\377\000n\000l\000o\000o\000p\0001}{subsection.8.1}% 37
\BOOKMARK [3][-]{subsubsection.8.1.15}{\376\377\000k\000n\000\040\000o\000r\000\040\000G}{subsection.8.1}% 38
\BOOKMARK [3][-]{subsubsection.8.1.16}{\376\377\000k\000r\000a\000t\000i\000o}{subsection.8.1}% 39
\BOOKMARK [3][-]{subsubsection.8.1.17}{\376\377\000f\000r\000i\000c\000t}{subsection.8.1}% 40
\BOOKMARK [3][-]{subsubsection.8.1.18}{\376\377\000f\000r\000i\000c\000t\000w}{subsection.8.1}% 41
\BOOKMARK [3][-]{subsubsection.8.1.19}{\376\377\000r\000h\000o}{subsection.8.1}% 42
\BOOKMARK [3][-]{subsubsection.8.1.20}{\376\377\000s\000e\000a\000r\000c\000h}{subsection.8.1}% 43
\BOOKMARK [3][-]{subsubsection.8.1.21}{\376\377\000p\000c\000r\000i\000t\000\050\0001\000\051}{subsection.8.1}% 44
\BOOKMARK [3][-]{subsubsection.8.1.22}{\376\377\000p\000c\000r\000i\000t\000\050\0002\000\051}{subsection.8.1}% 45
\BOOKMARK [3][-]{subsubsection.8.1.23}{\376\377\000p\000c\000r\000i\000t\000\050\0003\000\051}{subsection.8.1}% 46
\BOOKMARK [3][-]{subsubsection.8.1.24}{\376\377\000x\000s\000e\000e\000d}{subsection.8.1}% 47
\BOOKMARK [3][-]{subsubsection.8.1.25}{\376\377\000r\000m\000s\000v\000e\000l}{subsection.8.1}% 48
\BOOKMARK [3][-]{subsubsection.8.1.26}{\376\377\000p\000d\000i\000f}{subsection.8.1}% 49
\BOOKMARK [3][-]{subsubsection.8.1.27}{\376\377\000t\000m\000a\000x}{subsection.8.1}% 50
\BOOKMARK [3][-]{subsubsection.8.1.28}{\376\377\000r\000f\000r\000e\000e\0003}{subsection.8.1}% 51
\BOOKMARK [3][-]{subsubsection.8.1.29}{\376\377\000d\000t}{subsection.8.1}% 52
\BOOKMARK [2][-]{subsection.8.2}{\376\377\000R\000u\000n\000F\000i\000l\000e\000:\000\040\000D\000e\000f\000o\000r\000m\000a\000t\000i\000o\000n\000-\000s\000t\000r\000e\000s\000s\000\040\000p\000a\000t\000h\000\040\000s\000e\000c\000t\000i\000o\000n}{section.8}% 53
\BOOKMARK [3][-]{subsubsection.8.2.1}{\376\377\000i\000c\000o\000n\000t\000r}{subsection.8.2}% 54
\BOOKMARK [3][-]{subsubsection.8.2.2}{\376\377\000d\000e\000f\000r\000a\000t}{subsection.8.2}% 55
\BOOKMARK [3][-]{subsubsection.8.2.3}{\376\377\000i\000g\000o\000a\000l}{subsection.8.2}% 56
\BOOKMARK [3][-]{subsubsection.8.2.4}{\376\377\000k\000r\000o\000t\000a\000t}{subsection.8.2}% 57
\BOOKMARK [3][-]{subsubsection.8.2.5}{\376\377\000f\000i\000n\000a\000l\000v}{subsection.8.2}% 58
\BOOKMARK [3][-]{subsubsection.8.2.6}{\376\377\000i\000p\000t\000s}{subsection.8.2}% 59
\BOOKMARK [3][-]{subsubsection.8.2.7}{\376\377\000i\000d\000u\000m\000p}{subsection.8.2}% 60
\BOOKMARK [3][-]{subsubsection.8.2.8}{\376\377\000i\000f\000l\000e\000x\000c}{subsection.8.2}% 61
\BOOKMARK [3][-]{subsubsection.8.2.9}{\376\377\000i\000m\000i\000c\000r\000o}{subsection.8.2}% 62
\BOOKMARK [3][-]{subsubsection.8.2.10}{\376\377\000i\000b\000o\000d\000y\000f}{subsection.8.2}% 63
\BOOKMARK [3][-]{subsubsection.8.2.11}{\376\377\000d\000e\000f\000d\000o\000t}{subsection.8.2}% 64
\BOOKMARK [3][-]{subsubsection.8.2.12}{\376\377\000i\000p\000t\000s\0002}{subsection.8.2}% 65
\BOOKMARK [3][-]{subsubsection.8.2.13}{\376\377\000i\000p\000l\000o\000t}{subsection.8.2}% 66
\BOOKMARK [1][-]{section.9}{\376\377\000S\000t\000a\000r\000t\000F\000i\000l\000e\000:\000\040\000T\000h\000e\000\040\000i\000n\000i\000t\000i\000a\000l\000\040\000p\000a\000r\000t\000i\000c\000l\000e\000\040\000a\000r\000r\000a\000n\000g\000e\000m\000e\000n\000t}{}% 67
\BOOKMARK [2][-]{subsection.9.1}{\376\377\000A\000s\000s\000e\000m\000b\000l\000y\000\040\000d\000a\000t\000a\000\040\000i\000n\000\040\000D\000-\000S\000t\000a\000r\000t\000F\000i\000l\000e\000s}{section.9}% 68
\BOOKMARK [3][-]{subsubsection.9.1.1}{\376\377\000k\000s\000h\000a\000p\000e}{subsection.9.1}% 69
\BOOKMARK [3][-]{subsubsection.9.1.2}{\376\377\000n\000p\000,\000\040\000x\000c\000e\000l\000l\000\050\0001\000,\0001\000\051}{subsection.9.1}% 70
\BOOKMARK [3][-]{subsubsection.9.1.3}{\376\377\000x\000c\000e\000l\000l\000\050\0001\000,\0002\000\051}{subsection.9.1}% 71
\BOOKMARK [3][-]{subsubsection.9.1.4}{\376\377\000b\000e\000t\000a}{subsection.9.1}% 72
\BOOKMARK [3][-]{subsubsection.9.1.5}{\376\377\000n\000o\000b\000s\000\040\000o\000r\000\040\000n\000b\000u\000m\000p\000s}{subsection.9.1}% 73
\BOOKMARK [3][-]{subsubsection.9.1.6}{\376\377\000s\000a\000t\000r\000a\000d\000,\000\040\000c\000e\000n\000r\000a\000d\000,\000\040\000c\000i\000r\000r\000a\000d}{subsection.9.1}% 74
\BOOKMARK [2][-]{subsection.9.2}{\376\377\000P\000a\000r\000t\000i\000c\000l\000e\000\040\000d\000a\000t\000a\000\040\000i\000n\000\040\000D\000-\000S\000t\000a\000r\000t\000F\000i\000l\000e\000s}{section.9}% 75
\BOOKMARK [3][-]{subsubsection.9.2.1}{\376\377\000C\000i\000r\000c\000l\000e\000\040\000p\000a\000r\000t\000i\000c\000l\000e\000\040\000d\000a\000t\000a}{subsection.9.2}% 76
\BOOKMARK [3][-]{subsubsection.9.2.2}{\376\377\000O\000v\000a\000l\000\040\000p\000a\000r\000t\000i\000c\000l\000e\000\040\000d\000a\000t\000a}{subsection.9.2}% 77
\BOOKMARK [3][-]{subsubsection.9.2.3}{\376\377\000E\000l\000l\000i\000p\000s\000e\000\040\000p\000a\000r\000t\000i\000c\000l\000e\000\040\000d\000a\000t\000a}{subsection.9.2}% 78
\BOOKMARK [3][-]{subsubsection.9.2.4}{\376\377\000S\000p\000h\000e\000r\000e\000\040\000p\000a\000r\000t\000i\000c\000l\000e\000\040\000d\000a\000t\000a}{subsection.9.2}% 79
\BOOKMARK [3][-]{subsubsection.9.2.5}{\376\377\000O\000v\000o\000i\000d\000\040\000p\000a\000r\000t\000i\000c\000l\000e\000\040\000d\000a\000t\000a}{subsection.9.2}% 80
\BOOKMARK [3][-]{subsubsection.9.2.6}{\376\377\000N\000o\000b\000b\000y\000\040\000\050\0002\000D\000\051\000\040\000p\000a\000r\000t\000i\000c\000l\000e\000\040\000d\000a\000t\000a}{subsection.9.2}% 81
\BOOKMARK [3][-]{subsubsection.9.2.7}{\376\377\000B\000u\000m\000p\000y\000\040\000\050\0003\000D\000\051\000\040\000p\000a\000r\000t\000i\000c\000l\000e\000\040\000d\000a\000t\000a}{subsection.9.2}% 82
\BOOKMARK [1][-]{section.10}{\376\377\000T\000e\000x\000t\000\040\000o\000u\000t\000p\000u\000t\000\040\000f\000i\000l\000e\000s\000\040\000f\000r\000o\000m\000\040\000O\000v\000a\000l}{}% 83
\BOOKMARK [2][-]{subsection.10.1}{\376\377\000A\000-\000f\000i\000l\000e\000s\000:\000\040\000m\000a\000c\000r\000o\000-\000d\000a\000t\000a\000\040\000f\000o\000r\000\040\000s\000p\000r\000e\000a\000d\000s\000h\000e\000e\000t\000s}{section.10}% 84
\BOOKMARK [2][-]{subsection.10.2}{\376\377\000B\000-\000f\000i\000l\000e\000s\000:\000\040\000m\000a\000c\000r\000o\000-\000d\000a\000t\000a\000\040\000t\000e\000x\000t\000\040\000f\000i\000l\000e\000s}{section.10}% 85
\BOOKMARK [2][-]{subsection.10.3}{\376\377\000B\000-\000f\000i\000l\000e\000s\000\040\000w\000i\000t\000h\000\040\0002\000D\000\040\000s\000i\000m\000u\000l\000a\000t\000i\000o\000n\000s}{section.10}% 86
\BOOKMARK [3][-]{subsubsection.10.3.1}{\376\377\000t\000i\000m\000e\000r}{subsection.10.3}% 87
\BOOKMARK [3][-]{subsubsection.10.3.2}{\376\377\000d\000e\000f\000o\000u\000t\000\050\000i\000,\000j\000\051}{subsection.10.3}% 88
\BOOKMARK [3][-]{subsubsection.10.3.3}{\376\377\000k\000n\000r\000g\000y}{subsection.10.3}% 89
\BOOKMARK [3][-]{subsubsection.10.3.4}{\376\377\000n\000t\000a\000c\000t\000s}{subsection.10.3}% 90
\BOOKMARK [3][-]{subsubsection.10.3.5}{\376\377\000c\000h\000i\0001}{subsection.10.3}% 91
\BOOKMARK [3][-]{subsubsection.10.3.6}{\376\377\000s\000t\000r\000e\000s\000s\000\050\000i\000,\000j\000\051}{subsection.10.3}% 92
\BOOKMARK [3][-]{subsubsection.10.3.7}{\376\377\000p\000n\000r\000g\000y}{subsection.10.3}% 93
\BOOKMARK [3][-]{subsubsection.10.3.8}{\376\377\000p\000s\000i}{subsection.10.3}% 94
\BOOKMARK [3][-]{subsubsection.10.3.9}{\376\377\000c\000h\000i\0002}{subsection.10.3}% 95
\BOOKMARK [3][-]{subsubsection.10.3.10}{\376\377\000c\000h\000i\0003}{subsection.10.3}% 96
\BOOKMARK [3][-]{subsubsection.10.3.11}{\376\377\000c\000h\000i\0004}{subsection.10.3}% 97
\BOOKMARK [3][-]{subsubsection.10.3.12}{\376\377\000v\000i\000s\000c\000b\000t}{subsection.10.3}% 98
\BOOKMARK [3][-]{subsubsection.10.3.13}{\376\377\000s\000l\000i\000d\000e\000t}{subsection.10.3}% 99
\BOOKMARK [3][-]{subsubsection.10.3.14}{\376\377\000w\000o\000r\000k\0001\000t}{subsection.10.3}% 100
\BOOKMARK [3][-]{subsubsection.10.3.15}{\376\377\000x\000l\000o\000o\000p\000s}{subsection.10.3}% 101
\BOOKMARK [3][-]{subsubsection.10.3.16}{\376\377\000v\000i\000s\000c\000c\000t}{subsection.10.3}% 102
\BOOKMARK [2][-]{subsection.10.4}{\376\377\000B\000-\000f\000i\000l\000e\000s\000\040\000w\000i\000t\000h\000\040\0003\000D\000\040\000s\000i\000m\000u\000l\000a\000t\000i\000o\000n\000s}{section.10}% 103
\BOOKMARK [2][-]{subsection.10.5}{\376\377\000F\000-\000f\000i\000l\000e\000s\000:\000\040\000m\000i\000c\000r\000o\000-\000d\000a\000t\000a\000\040\000t\000e\000x\000t\000\040\000f\000i\000l\000e\000s}{section.10}% 104
\BOOKMARK [2][-]{subsection.10.6}{\376\377\000F\000-\000f\000i\000l\000e\000s\000\040\000f\000o\000r\000\040\0002\000D\000\040\000a\000s\000s\000e\000m\000b\000l\000i\000e\000s}{section.10}% 105
\BOOKMARK [3][-]{subsubsection.10.6.1}{\376\377\000F\000a\000-\000f\000i\000l\000e\000s\000\040\000f\000o\000r\000\040\0002\000D\000\040\000a\000s\000s\000e\000m\000b\000l\000i\000e\000s}{subsection.10.6}% 106
\BOOKMARK [3][-]{subsubsection.10.6.2}{\376\377\000F\000b\000-\000f\000i\000l\000e\000s\000\040\000f\000o\000r\000\040\0002\000D\000\040\000a\000s\000s\000e\000m\000b\000l\000i\000e\000s}{subsection.10.6}% 107
\BOOKMARK [3][-]{subsubsection.10.6.3}{\376\377\000F\000c\000-\000f\000i\000l\000e\000s\000\040\000f\000o\000r\000\040\0002\000D\000\040\000a\000s\000s\000e\000m\000b\000l\000i\000e\000s\000\040\000o\000f\000\040\000c\000o\000n\000v\000e\000x\000\040\000p\000a\000r\000t\000i\000c\000l\000e\000s}{subsection.10.6}% 108
\BOOKMARK [3][-]{subsubsection.10.6.4}{\376\377\000F\000c\000-\000f\000i\000l\000e\000s\000\040\000f\000o\000r\000\040\0002\000D\000\040\000a\000s\000s\000e\000m\000b\000l\000i\000e\000s\000\040\000o\000f\000\040\000n\000o\000n\000-\000c\000o\000n\000v\000e\000x\000\040\000p\000a\000r\000t\000i\000c\000l\000e\000s}{subsection.10.6}% 109
\BOOKMARK [3][-]{subsubsection.10.6.5}{\376\377\000F\000d\000-\000f\000i\000l\000e\000s\000\040\000f\000o\000r\000\040\0002\000D\000\040\000a\000s\000s\000e\000m\000b\000l\000i\000e\000s}{subsection.10.6}% 110
\BOOKMARK [3][-]{subsubsection.10.6.6}{\376\377\000F\000f\000-\000f\000i\000l\000e\000s\000\040\000f\000o\000r\000\040\0002\000D\000\040\000a\000s\000s\000e\000m\000b\000l\000i\000e\000s}{subsection.10.6}% 111
\BOOKMARK [2][-]{subsection.10.7}{\376\377\000F\000-\000f\000i\000l\000e\000s\000\040\000f\000o\000r\000\040\0003\000D\000\040\000a\000s\000s\000e\000m\000b\000l\000i\000e\000s}{section.10}% 112
\BOOKMARK [3][-]{subsubsection.10.7.1}{\376\377\000F\000a\000-\000f\000i\000l\000e\000s\000\040\000f\000o\000r\000\040\0003\000D\000\040\000a\000s\000s\000e\000m\000b\000l\000i\000e\000s}{subsection.10.7}% 113
\BOOKMARK [3][-]{subsubsection.10.7.2}{\376\377\000F\000b\000-\000f\000i\000l\000e\000s\000\040\000f\000o\000r\000\040\0003\000D\000\040\000a\000s\000s\000e\000m\000b\000l\000i\000e\000s}{subsection.10.7}% 114
\BOOKMARK [3][-]{subsubsection.10.7.3}{\376\377\000F\000c\000-\000f\000i\000l\000e\000s\000\040\000f\000o\000r\000\040\0003\000D\000\040\000a\000s\000s\000e\000m\000b\000l\000i\000e\000s}{subsection.10.7}% 115
\BOOKMARK [3][-]{subsubsection.10.7.4}{\376\377\000F\000f\000-\000f\000i\000l\000e\000s\000\040\000f\000o\000r\000\040\0003\000D\000\040\000a\000s\000s\000e\000m\000b\000l\000i\000e\000s}{subsection.10.7}% 116
\BOOKMARK [1][-]{section.11}{\376\377\000S\000c\000r\000e\000e\000n\000\040\000o\000u\000t\000p\000u\000t\000\040\000f\000r\000o\000m\000\040\000O\000v\000a\000l}{}% 117
\BOOKMARK [1][-]{section.12}{\376\377\000S\000a\000m\000p\000l\000e\000\040\000a\000s\000s\000e\000m\000b\000l\000i\000e\000s\000\040\000f\000o\000r\000\040\000O\000v\000a\000l}{}% 118
\BOOKMARK [1][-]{section.13}{\376\377\000E\000x\000a\000m\000p\000l\000e\000\040\000s\000i\000m\000u\000l\000a\000t\000i\000o\000n\000s\000\040\000u\000s\000i\000n\000g\000\040\000O\000v\000a\000l}{}% 119
\BOOKMARK [1][-]{section.14}{\376\377\000S\000o\000m\000e\000\040\000a\000d\000v\000i\000c\000e\000\040\000o\000n\000\040\000u\000s\000i\000n\000g\000\040\000O\000v\000a\000l}{}% 120
\BOOKMARK [1][-]{section.15}{\376\377\000C\000h\000a\000n\000g\000e\000\040\000L\000o\000g}{}% 121
\BOOKMARK [2][-]{subsection.15.1}{\376\377\000O\000v\000a\000l\040\023\0000\000.\0004\000.\0000\000\040\000t\000o\000\040\000O\000v\000a\000l\040\023\0000\000.\0006\000.\0000}{section.15}% 122
\BOOKMARK [2][-]{subsection.15.2}{\376\377\000O\000v\000a\000l\040\023\0000\000.\0006\000.\0000\000\040\000t\000o\000\040\000O\000v\000a\000l\040\023\0000\000.\0006\000.\0001}{section.15}% 123
\BOOKMARK [2][-]{subsection.15.3}{\376\377\000O\000v\000a\000l\040\023\0000\000.\0006\000.\0001\000\040\000t\000o\000\040\000O\000v\000a\000l\040\023\0000\000.\0006\000.\0002}{section.15}% 124
\BOOKMARK [2][-]{subsection.15.4}{\376\377\000O\000v\000a\000l\040\023\0000\000.\0006\000.\0002\000\040\000t\000o\000\040\000O\000v\000a\000l\040\023\0000\000.\0006\000.\0003}{section.15}% 125
\BOOKMARK [2][-]{subsection.15.5}{\376\377\000O\000v\000a\000l\040\023\0000\000.\0006\000.\0003\000\040\000t\000o\000\040\000O\000v\000a\000l\040\023\0000\000.\0006\000.\0004}{section.15}% 126
\BOOKMARK [2][-]{subsection.15.6}{\376\377\000O\000v\000a\000l\040\023\0000\000.\0006\000.\0004\000\040\000t\000o\000\040\000O\000v\000a\000l\040\023\0000\000.\0006\000.\0005}{section.15}% 127
\BOOKMARK [2][-]{subsection.15.7}{\376\377\000O\000v\000a\000l\040\023\0000\000.\0006\000.\0005\000\040\000t\000o\000\040\000O\000v\000a\000l\040\023\0000\000.\0006\000.\0008}{section.15}% 128
\BOOKMARK [2][-]{subsection.15.8}{\376\377\000O\000v\000a\000l\040\023\0000\000.\0006\000.\0008\000\040\000t\000o\000\040\000O\000v\000a\000l\040\023\0000\000.\0006\000.\0001\0000}{section.15}% 129
\BOOKMARK [1][-]{section.16}{\376\377\000R\000e\000f\000e\000r\000e\000n\000c\000e\000s}{}% 130
