This is pdfTeX, Version 3.141592653-2.6-1.40.22 (TeX Live 2021) (preloaded format=pdflatex 2021.4.6)  26 MAY 2021 17:25
entering extended mode
 restricted \write18 enabled.
 %&-line parsing enabled.
**dempla_0_2_1.tex
(./dempla_0_2_1.tex
LaTeX2e <2020-10-01> patch level 4
L3 programming layer <2021-02-18>
(/usr/local/texlive/2021/texmf-dist/tex/latex/base/article.cls
Document Class: article 2020/04/10 v1.4m Standard LaTeX document class
(/usr/local/texlive/2021/texmf-dist/tex/latex/base/size11.clo
File: size11.clo 2020/04/10 v1.4m Standard LaTeX file (size option)
)
\c@part=\count179
\c@section=\count180
\c@subsection=\count181
\c@subsubsection=\count182
\c@paragraph=\count183
\c@subparagraph=\count184
\c@figure=\count185
\c@table=\count186
\abovecaptionskip=\skip47
\belowcaptionskip=\skip48
\bibindent=\dimen138
)
(/usr/local/texlive/2021/texmf-dist/tex/latex/graphics/graphicx.sty
Package: graphicx 2020/09/09 v1.2b Enhanced LaTeX Graphics (DPC,SPQR)

(/usr/local/texlive/2021/texmf-dist/tex/latex/graphics/keyval.sty
Package: keyval 2014/10/28 v1.15 key=value parser (DPC)
\KV@toks@=\toks15
)
(/usr/local/texlive/2021/texmf-dist/tex/latex/graphics/graphics.sty
Package: graphics 2020/08/30 v1.4c Standard LaTeX Graphics (DPC,SPQR)

(/usr/local/texlive/2021/texmf-dist/tex/latex/graphics/trig.sty
Package: trig 2016/01/03 v1.10 sin cos tan (DPC)
)
(/usr/local/texlive/2021/texmf-dist/tex/latex/graphics-cfg/graphics.cfg
File: graphics.cfg 2016/06/04 v1.11 sample graphics configuration
)
Package graphics Info: Driver file: pdftex.def on input line 105.

(/usr/local/texlive/2021/texmf-dist/tex/latex/graphics-def/pdftex.def
File: pdftex.def 2020/10/05 v1.2a Graphics/color driver for pdftex
))
\Gin@req@height=\dimen139
\Gin@req@width=\dimen140
)
(/usr/local/texlive/2021/texmf-dist/tex/latex/graphics/color.sty
Package: color 2020/02/24 v1.2b Standard LaTeX Color (DPC)

(/usr/local/texlive/2021/texmf-dist/tex/latex/graphics-cfg/color.cfg
File: color.cfg 2016/01/02 v1.6 sample color configuration
)
Package color Info: Driver file: pdftex.def on input line 147.
)
(/usr/local/texlive/2021/texmf-dist/tex/latex/hyperref/hyperref.sty
Package: hyperref 2021-02-27 v7.00k Hypertext links for LaTeX

(/usr/local/texlive/2021/texmf-dist/tex/generic/ltxcmds/ltxcmds.sty
Package: ltxcmds 2020-05-10 v1.25 LaTeX kernel commands for general use (HO)
)
(/usr/local/texlive/2021/texmf-dist/tex/generic/iftex/iftex.sty
Package: iftex 2020/03/06 v1.0d TeX engine tests
)
(/usr/local/texlive/2021/texmf-dist/tex/generic/pdftexcmds/pdftexcmds.sty
Package: pdftexcmds 2020-06-27 v0.33 Utility functions of pdfTeX for LuaTeX (HO
)

(/usr/local/texlive/2021/texmf-dist/tex/generic/infwarerr/infwarerr.sty
Package: infwarerr 2019/12/03 v1.5 Providing info/warning/error messages (HO)
)
Package pdftexcmds Info: \pdf@primitive is available.
Package pdftexcmds Info: \pdf@ifprimitive is available.
Package pdftexcmds Info: \pdfdraftmode found.
)
(/usr/local/texlive/2021/texmf-dist/tex/generic/kvsetkeys/kvsetkeys.sty
Package: kvsetkeys 2019/12/15 v1.18 Key value parser (HO)
)
(/usr/local/texlive/2021/texmf-dist/tex/generic/kvdefinekeys/kvdefinekeys.sty
Package: kvdefinekeys 2019-12-19 v1.6 Define keys (HO)
)
(/usr/local/texlive/2021/texmf-dist/tex/generic/pdfescape/pdfescape.sty
Package: pdfescape 2019/12/09 v1.15 Implements pdfTeX's escape features (HO)
)
(/usr/local/texlive/2021/texmf-dist/tex/latex/hycolor/hycolor.sty
Package: hycolor 2020-01-27 v1.10 Color options for hyperref/bookmark (HO)
)
(/usr/local/texlive/2021/texmf-dist/tex/latex/letltxmacro/letltxmacro.sty
Package: letltxmacro 2019/12/03 v1.6 Let assignment for LaTeX macros (HO)
)
(/usr/local/texlive/2021/texmf-dist/tex/latex/auxhook/auxhook.sty
Package: auxhook 2019-12-17 v1.6 Hooks for auxiliary files (HO)
)
(/usr/local/texlive/2021/texmf-dist/tex/latex/kvoptions/kvoptions.sty
Package: kvoptions 2020-10-07 v3.14 Key value format for package options (HO)
)
\@linkdim=\dimen141
\Hy@linkcounter=\count187
\Hy@pagecounter=\count188

(/usr/local/texlive/2021/texmf-dist/tex/latex/hyperref/pd1enc.def
File: pd1enc.def 2021-02-27 v7.00k Hyperref: PDFDocEncoding definition (HO)
Now handling font encoding PD1 ...
... no UTF-8 mapping file for font encoding PD1
)
(/usr/local/texlive/2021/texmf-dist/tex/latex/hyperref/hyperref-langpatches.def
File: hyperref-langpatches.def 2021-02-27 v7.00k Hyperref: patches for babel la
nguages
) (/usr/local/texlive/2021/texmf-dist/tex/generic/intcalc/intcalc.sty
Package: intcalc 2019/12/15 v1.3 Expandable calculations with integers (HO)
)
(/usr/local/texlive/2021/texmf-dist/tex/generic/etexcmds/etexcmds.sty
Package: etexcmds 2019/12/15 v1.7 Avoid name clashes with e-TeX commands (HO)
)
\Hy@SavedSpaceFactor=\count189

(/usr/local/texlive/2021/texmf-dist/tex/latex/hyperref/puenc.def
File: puenc.def 2021-02-27 v7.00k Hyperref: PDF Unicode definition (HO)
Now handling font encoding PU ...
... no UTF-8 mapping file for font encoding PU
)
Package hyperref Info: Option `colorlinks' set `true' on input line 4073.
Package hyperref Info: Hyper figures OFF on input line 4192.
Package hyperref Info: Link nesting OFF on input line 4197.
Package hyperref Info: Hyper index ON on input line 4200.
Package hyperref Info: Plain pages OFF on input line 4207.
Package hyperref Info: Backreferencing OFF on input line 4212.
Package hyperref Info: Implicit mode ON; LaTeX internals redefined.
Package hyperref Info: Bookmarks ON on input line 4445.
\c@Hy@tempcnt=\count190

(/usr/local/texlive/2021/texmf-dist/tex/latex/url/url.sty
\Urlmuskip=\muskip16
Package: url 2013/09/16  ver 3.4  Verb mode for urls, etc.
)
LaTeX Info: Redefining \url on input line 4804.
\XeTeXLinkMargin=\dimen142

(/usr/local/texlive/2021/texmf-dist/tex/generic/bitset/bitset.sty
Package: bitset 2019/12/09 v1.3 Handle bit-vector datatype (HO)

(/usr/local/texlive/2021/texmf-dist/tex/generic/bigintcalc/bigintcalc.sty
Package: bigintcalc 2019/12/15 v1.5 Expandable calculations on big integers (HO
)
))
\Fld@menulength=\count191
\Field@Width=\dimen143
\Fld@charsize=\dimen144
Package hyperref Info: Hyper figures OFF on input line 6075.
Package hyperref Info: Link nesting OFF on input line 6080.
Package hyperref Info: Hyper index ON on input line 6083.
Package hyperref Info: backreferencing OFF on input line 6090.
Package hyperref Info: Link coloring ON on input line 6093.
Package hyperref Info: Link coloring with OCG OFF on input line 6100.
Package hyperref Info: PDF/A mode OFF on input line 6105.
LaTeX Info: Redefining \ref on input line 6145.
LaTeX Info: Redefining \pageref on input line 6149.

(/usr/local/texlive/2021/texmf-dist/tex/latex/base/atbegshi-ltx.sty
Package: atbegshi-ltx 2020/08/17 v1.0a Emulation of the original atbegshi packa
ge
with kernel methods
)
\Hy@abspage=\count192
\c@Item=\count193
\c@Hfootnote=\count194
)
Package hyperref Info: Driver (autodetected): hpdftex.

(/usr/local/texlive/2021/texmf-dist/tex/latex/hyperref/hpdftex.def
File: hpdftex.def 2021-02-27 v7.00k Hyperref driver for pdfTeX

(/usr/local/texlive/2021/texmf-dist/tex/latex/base/atveryend-ltx.sty
Package: atveryend-ltx 2020/08/19 v1.0a Emulation of the original atvery packag
e
with kernel methods
)
\Fld@listcount=\count195
\c@bookmark@seq@number=\count196

(/usr/local/texlive/2021/texmf-dist/tex/latex/rerunfilecheck/rerunfilecheck.sty
Package: rerunfilecheck 2019/12/05 v1.9 Rerun checks for auxiliary files (HO)

(/usr/local/texlive/2021/texmf-dist/tex/generic/uniquecounter/uniquecounter.sty
Package: uniquecounter 2019/12/15 v1.4 Provide unlimited unique counter (HO)
)
Package uniquecounter Info: New unique counter `rerunfilecheck' on input line 2
86.
)
\Hy@SectionHShift=\skip49
) (/usr/local/texlive/2021/texmf-dist/tex/latex/subfigure/subfigure.sty
Package: subfigure 2002/03/15 v2.1.5 subfigure package
\subfigtopskip=\skip50
\subfigcapskip=\skip51
\subfigcaptopadj=\dimen145
\subfigbottomskip=\skip52
\subfigcapmargin=\dimen146
\subfiglabelskip=\skip53
\c@subfigure=\count197
\c@lofdepth=\count198
\c@subtable=\count199
\c@lotdepth=\count266

****************************************
* Local config file subfigure.cfg used *
****************************************
(/usr/local/texlive/2021/texmf-dist/tex/latex/subfigure/subfigure.cfg)
\subfig@top=\skip54
\subfig@bottom=\skip55
)
(/usr/local/texlive/2021/texmf-dist/tex/latex/graphics/rotating.sty
Package: rotating 2016/08/11 v2.16d rotated objects in LaTeX

(/usr/local/texlive/2021/texmf-dist/tex/latex/base/ifthen.sty
Package: ifthen 2014/09/29 v1.1c Standard LaTeX ifthen package (DPC)
)
\c@r@tfl@t=\count267
\rotFPtop=\skip56
\rotFPbot=\skip57
\rot@float@box=\box47
\rot@mess@toks=\toks16
)
(/usr/local/texlive/2021/texmf-dist/tex/latex/tools/enumerate.sty
Package: enumerate 2015/07/23 v3.00 enumerate extensions (DPC)
\@enLab=\toks17
)
(/usr/local/texlive/2021/texmf-dist/tex/latex/amsmath/amsmath.sty
Package: amsmath 2020/09/23 v2.17i AMS math features
\@mathmargin=\skip58

For additional information on amsmath, use the `?' option.
(/usr/local/texlive/2021/texmf-dist/tex/latex/amsmath/amstext.sty
Package: amstext 2000/06/29 v2.01 AMS text

(/usr/local/texlive/2021/texmf-dist/tex/latex/amsmath/amsgen.sty
File: amsgen.sty 1999/11/30 v2.0 generic functions
\@emptytoks=\toks18
\ex@=\dimen147
))
(/usr/local/texlive/2021/texmf-dist/tex/latex/amsmath/amsbsy.sty
Package: amsbsy 1999/11/29 v1.2d Bold Symbols
\pmbraise@=\dimen148
)
(/usr/local/texlive/2021/texmf-dist/tex/latex/amsmath/amsopn.sty
Package: amsopn 2016/03/08 v2.02 operator names
)
\inf@bad=\count268
LaTeX Info: Redefining \frac on input line 234.
\uproot@=\count269
\leftroot@=\count270
LaTeX Info: Redefining \overline on input line 399.
\classnum@=\count271
\DOTSCASE@=\count272
LaTeX Info: Redefining \ldots on input line 496.
LaTeX Info: Redefining \dots on input line 499.
LaTeX Info: Redefining \cdots on input line 620.
\Mathstrutbox@=\box48
\strutbox@=\box49
\big@size=\dimen149
LaTeX Font Info:    Redeclaring font encoding OML on input line 743.
LaTeX Font Info:    Redeclaring font encoding OMS on input line 744.
\macc@depth=\count273
\c@MaxMatrixCols=\count274
\dotsspace@=\muskip17
\c@parentequation=\count275
\dspbrk@lvl=\count276
\tag@help=\toks19
\row@=\count277
\column@=\count278
\maxfields@=\count279
\andhelp@=\toks20
\eqnshift@=\dimen150
\alignsep@=\dimen151
\tagshift@=\dimen152
\tagwidth@=\dimen153
\totwidth@=\dimen154
\lineht@=\dimen155
\@envbody=\toks21
\multlinegap=\skip59
\multlinetaggap=\skip60
\mathdisplay@stack=\toks22
LaTeX Info: Redefining \[ on input line 2923.
LaTeX Info: Redefining \] on input line 2924.
)
(/usr/local/texlive/2021/texmf-dist/tex/latex/etoolbox/etoolbox.sty
Package: etoolbox 2020/10/05 v2.5k e-TeX tools for LaTeX (JAW)
\etb@tempcnta=\count280
)
\Labelwidth=\skip61

(/usr/local/texlive/2021/texmf-dist/tex/latex/chicago/chicago.sty
Using Chicago Manual of Style bibliography: 31 August 1992
\bibhang=\skip62
\bibindent=\dimen156
) (/usr/local/texlive/2021/texmf-dist/tex/latex/l3backend/l3backend-pdftex.def
File: l3backend-pdftex.def 2021-03-18 L3 backend support: PDF output (pdfTeX)
\l__color_backend_stack_int=\count281
\l__pdf_internal_box=\box50
) (./dempla_0_2_1.aux)
\openout1 = `dempla_0_2_1.aux'.

LaTeX Font Info:    Checking defaults for OML/cmm/m/it on input line 92.
LaTeX Font Info:    ... okay on input line 92.
LaTeX Font Info:    Checking defaults for OMS/cmsy/m/n on input line 92.
LaTeX Font Info:    ... okay on input line 92.
LaTeX Font Info:    Checking defaults for OT1/cmr/m/n on input line 92.
LaTeX Font Info:    ... okay on input line 92.
LaTeX Font Info:    Checking defaults for T1/cmr/m/n on input line 92.
LaTeX Font Info:    ... okay on input line 92.
LaTeX Font Info:    Checking defaults for TS1/cmr/m/n on input line 92.
LaTeX Font Info:    ... okay on input line 92.
LaTeX Font Info:    Checking defaults for OMX/cmex/m/n on input line 92.
LaTeX Font Info:    ... okay on input line 92.
LaTeX Font Info:    Checking defaults for U/cmr/m/n on input line 92.
LaTeX Font Info:    ... okay on input line 92.
LaTeX Font Info:    Checking defaults for PD1/pdf/m/n on input line 92.
LaTeX Font Info:    ... okay on input line 92.
LaTeX Font Info:    Checking defaults for PU/pdf/m/n on input line 92.
LaTeX Font Info:    ... okay on input line 92.

(/usr/local/texlive/2021/texmf-dist/tex/context/base/mkii/supp-pdf.mkii
[Loading MPS to PDF converter (version 2006.09.02).]
\scratchcounter=\count282
\scratchdimen=\dimen157
\scratchbox=\box51
\nofMPsegments=\count283
\nofMParguments=\count284
\everyMPshowfont=\toks23
\MPscratchCnt=\count285
\MPscratchDim=\dimen158
\MPnumerator=\count286
\makeMPintoPDFobject=\count287
\everyMPtoPDFconversion=\toks24
) (/usr/local/texlive/2021/texmf-dist/tex/latex/epstopdf-pkg/epstopdf-base.sty
Package: epstopdf-base 2020-01-24 v2.11 Base part for package epstopdf
Package epstopdf-base Info: Redefining graphics rule for `.eps' on input line 4
85.

(/usr/local/texlive/2021/texmf-dist/tex/latex/latexconfig/epstopdf-sys.cfg
File: epstopdf-sys.cfg 2010/07/13 v1.3 Configuration of (r)epstopdf for TeX Liv
e
))
Package hyperref Info: Link coloring ON on input line 92.

(/usr/local/texlive/2021/texmf-dist/tex/latex/hyperref/nameref.sty
Package: nameref 2021-04-02 v2.47 Cross-referencing by name of section

(/usr/local/texlive/2021/texmf-dist/tex/latex/refcount/refcount.sty
Package: refcount 2019/12/15 v3.6 Data extraction from label references (HO)
)
(/usr/local/texlive/2021/texmf-dist/tex/generic/gettitlestring/gettitlestring.s
ty
Package: gettitlestring 2019/12/15 v1.6 Cleanup title references (HO)
)
\c@section@level=\count288
)
LaTeX Info: Redefining \ref on input line 92.
LaTeX Info: Redefining \pageref on input line 92.
LaTeX Info: Redefining \nameref on input line 92.
 (./dempla_0_2_1.out) (./dempla_0_2_1.out)
\@outlinefile=\write3
\openout3 = `dempla_0_2_1.out'.



LaTeX Warning: Reference `' on page 1 undefined on input line 145.

[1

{/usr/local/texlive/2021/texmf-var/fonts/map/pdftex/updmap/pdftex.map}]
[2] [3] (./dempla_0_2_1.toc

LaTeX Font Warning: Font shape `OT1/cmr/bx/sc' undefined
(Font)              using `OT1/cmr/bx/n' instead on input line 11.

[4] [5] [6])
\tf@toc=\write4
\openout4 = `dempla_0_2_1.toc'.

 [7]
Overfull \hbox (0.95502pt too wide) in paragraph at lines 320--328
[]\OT1/cmr/m/n/10.95 It in-cludes a sim-ple con-tact force mech-a-nism con-sist
-ing of lin-ear springs
 []

[8] [9] [10] [11]
Overfull \hbox (18.53265pt too wide) in paragraph at lines 533--553
\OT1/cmr/m/n/10.95 The op-tions \OT1/cmtt/m/n/10.95 -std=gnu -O3 -mtune=native 
\OT1/cmr/m/n/10.95 and \OT1/cmtt/m/n/10.95 -ipo -O3 -no-prec-div
 []


Overfull \hbox (65.57777pt too wide) in paragraph at lines 533--553
\OT1/cmtt/m/n/10.95 -fp-model fast=2 -xHost \OT1/cmr/m/n/10.95 pro-duce op-ti-m
ized code. The op-tions \OT1/cmtt/m/n/10.95 -fltconsistency
 []


Overfull \hbox (5.17111pt too wide) in paragraph at lines 533--553
\OT1/cmtt/m/n/10.95 -fpconstant \OT1/cmr/m/n/10.95 im-prove float-ing point pre
-ci-sion. Op-tion \OT1/cmtt/m/n/10.95 -mcmodel=large
 []


Overfull \hbox (13.91151pt too wide) in paragraph at lines 533--553
\OT1/cmr/m/n/10.95 The op-tions \OT1/cmtt/m/n/10.95 -fopenmp \OT1/cmr/m/n/10.95
 and \OT1/cmtt/m/n/10.95 -qopenmp \OT1/cmr/m/n/10.95 speci-fiy com-pil-ing with
 the OpenMP
 []

[12]
LaTeX Font Info:    Trying to load font information for TS1+cmtt on input line 
601.
 (/usr/local/texlive/2021/texmf-dist/tex/latex/base/ts1cmtt.fd
File: ts1cmtt.fd 2019/12/16 v2.5j Standard LaTeX font definitions
)
LaTeX Font Info:    Trying to load font information for OMS+cmtt on input line 
611.
LaTeX Font Info:    No file OMScmtt.fd. on input line 611.


LaTeX Font Warning: Font shape `OMS/cmtt/m/n' undefined
(Font)              using `OMS/cmsy/m/n' instead
(Font)              for symbol `textbackslash' on input line 611.


Overfull \hbox (7.82915pt too wide) in paragraph at lines 613--616
\OT1/cmr/m/n/10.95 https://software.intel.com/en-us/forums/intel-moderncode-for
-parallel-
 []


Overfull \hbox (16.58914pt too wide) in paragraph at lines 627--640
\OT1/cmr/m/n/10.95 https://stackoverflow.com/ ques-tions/13264274/ why-segmenta
tion-fault-
 []


Overfull \hbox (12.19856pt too wide) in paragraph at lines 646--654
[]\OT1/cmr/m/n/10.95 One must pro-vide suf-fi-cient mem-ory for par-al-lel ex-e
-cu-tion. The \OT1/cmtt/m/n/10.95 gfortran
 []

[13] [14]
Overfull \hbox (36.63667pt too wide) in paragraph at lines 707--720
\OT1/cmr/m/n/10.95 where \OT1/cmtt/m/n/10.95 <path> \OT1/cmr/m/n/10.95 is the p
ath to your ex-e-cutable file with its \OT1/cmtt/m/n/10.95 <dempla[]executable[
]name>
 []

[15]

LaTeX Warning: Reference `' on page 16 undefined on input line 810.


LaTeX Warning: Reference `' on page 16 undefined on input line 842.

[16]

LaTeX Warning: Reference `' on page 17 undefined on input line 892.


Overfull \hbox (27.96992pt too wide) in paragraph at lines 875--894
\OT1/cmr/m/n/10.95 the fol-low-ing names: \OT1/cmtt/m/n/10.95 02[]LayerSetup\OT
1/cmr/m/n/10.95 , \OT1/cmtt/m/n/10.95 03[]RVESetup\OT1/cmr/m/n/10.95 , and \OT1
/cmtt/m/n/10.95 04[]RunOutput\OT1/cmr/m/n/10.95 .
 []


Overfull \hbox (14.79628pt too wide) in paragraph at lines 875--894
\OT1/cmr/m/n/10.95 ous out-put files will be placed in-side the sub-directory \
OT1/cmtt/m/n/10.95 04[]RunOutput\OT1/cmr/m/n/10.95 ,
 []


LaTeX Warning: Reference `' on page 17 undefined on input line 905.


LaTeX Warning: Reference `' on page 17 undefined on input line 910.

[17]

LaTeX Warning: Reference `' on page 18 undefined on input line 933.


LaTeX Warning: Reference `' on page 18 undefined on input line 963.


LaTeX Warning: Reference `sec:gfiles' on page 18 undefined on input line 1008.

[18] [19]
Overfull \hbox (2.68884pt too wide) in paragraph at lines 1076--1084
\OT1/cmr/m/n/10.95 rate in ac-cord with the pre-scribed strain rates (Sec-tions
 [][]8.2.1[][] and [][]8.2.2[][]).
 []


Overfull \hbox (2.68884pt too wide) in paragraph at lines 1084--1094
\OT1/cmr/m/n/10.95 rate in ac-cord with the pre-scribed strain rates (Sec-tions
 [][]8.2.1[][] and [][]8.2.2[][]).
 []

[20] [21]
LaTeX Font Info:    Font shape `OT1/cmtt/bx/n' in size <10.95> not available
(Font)              Font shape `OT1/cmtt/m/n' tried instead on input line 1167.


Overfull \hbox (0.40334pt too wide) in paragraph at lines 1173--1173
[]\OT1/cmtt/m/n/10.95 ixfix(1),ixfix(2),ixfix(3),ithfix(1),ithfix(2),ithfix(3) 

 []

(./Figures/LoadComp.tex)

LaTeX Warning: Reference `page:WebSite' on page 22 undefined on input line 1220
.

[22] [23]

LaTeX Warning: Reference `page:word' on page 24 undefined on input line 1232.

[24] [25] [26] [27]
Overfull \hbox (1.11755pt too wide) in paragraph at lines 1463--1465
[]\OT1/cmr/m/n/10.95 A lin-ear con-tact model with fric-tion (see Sec-tions [][
]8.1.15[][], [][]8.1.16[][],
 []


Overfull \hbox (13.24368pt too wide) in paragraph at lines 1466--1468
[]\OT1/cmr/m/n/10.95 A Hertz-Mindlin con-tact model with fric-tion. (see Sec-ti
ons [][]8.1.15[][],
 []


LaTeX Warning: Citation `Kuhn:review' on page 28 undefined on input line 1470.

[28]
Overfull \hbox (3.93182pt too wide) in paragraph at lines 1517--1520
[]\OT1/cmr/m/n/10.95 With Hertz-Mindlin con-tacts and J^^?ager con-tacts (\OT1/
cmtt/m/n/10.95 imodel=5 \OT1/cmr/m/n/10.95 or \OT1/cmtt/m/n/10.95 imodel=6\OT1/
cmr/m/n/10.95 ),
 []


Overfull \hbox (3.93182pt too wide) in paragraph at lines 1532--1536
[]\OT1/cmr/m/n/10.95 With Hertz-Mindlin con-tacts and J^^?ager con-tacts (\OT1/
cmtt/m/n/10.95 imodel=5 \OT1/cmr/m/n/10.95 or \OT1/cmtt/m/n/10.95 imodel=6\OT1/
cmr/m/n/10.95 ),
 []

[29] [30]
Overfull \hbox (5.97322pt too wide) in paragraph at lines 1638--1646
\OT1/cmr/m/n/10.95 When a J^^?ager con-tact model is be-ing used (with \OT1/cmt
t/m/n/10.95 imodel=6\OT1/cmr/m/n/10.95 , see Sec-tion [][]8.1.12[][]),
 []

[31] [32] [33] [34]
Overfull \hbox (3.63098pt too wide) in paragraph at lines 1871--1893
\OT1/cmr/m/n/10.95 The in-put vari-ables \OT1/cmtt/m/n/10.95 igoal \OT1/cmr/m/n
/10.95 and \OT1/cmtt/m/n/10.95 finalv \OT1/cmr/m/n/10.95 de-ter-mine the du-ra-
tion of the deforma-
 []

[35] [36] [37] [38]

LaTeX Warning: Reference `sec:gfiles' on page 39 undefined on input line 2098.

[39]
Overfull \hbox (22.72055pt too wide) in paragraph at lines 2161--2161
[]  \OT1/cmtt/m/n/9 1002  2.98994563276730430E+01  2.98446889993219070E+01  1.0
0000000000000000E+00[] 
 []


Overfull \hbox (22.72055pt too wide) in paragraph at lines 2161--2161
[]        \OT1/cmtt/m/n/9 0.00000000000000000E+00  0.00000000000000000E+00  0.0
0000000000000000E+00[] 
 []

<Figures/snapshot1a.pdf, id=1036, 172.645pt x 128.48pt>
File: Figures/snapshot1a.pdf Graphic file (type pdf)
<use Figures/snapshot1a.pdf>
Package pdftex.def Info: Figures/snapshot1a.pdf  used on input line 2193.
(pdftex.def)             Requested size: 172.64456pt x 128.47968pt.
<Figures/snapshot1b.pdf, id=1037, 159.59625pt x 202.7575pt>
File: Figures/snapshot1b.pdf Graphic file (type pdf)
<use Figures/snapshot1b.pdf>
Package pdftex.def Info: Figures/snapshot1b.pdf  used on input line 2195.
(pdftex.def)             Requested size: 111.7166pt x 141.92928pt.
<Figures/Nobby_5_03_085.pdf, id=1039, 94.3525pt x 99.37125pt>
File: Figures/Nobby_5_03_085.pdf Graphic file (type pdf)
<use Figures/Nobby_5_03_085.pdf>
Package pdftex.def Info: Figures/Nobby_5_03_085.pdf  used on input line 2206.
(pdftex.def)             Requested size: 94.35225pt x 99.371pt.
[40]
<Figures/Bumpy-2-07-09-075-a.pdf, id=1051, 803.0pt x 602.25pt>
File: Figures/Bumpy-2-07-09-075-a.pdf Graphic file (type pdf)
<use Figures/Bumpy-2-07-09-075-a.pdf>
Package pdftex.def Info: Figures/Bumpy-2-07-09-075-a.pdf  used on input line 22
20.
(pdftex.def)             Requested size: 160.59715pt x 120.44786pt.
<Figures/Bumpy-3-08-10-07-a.pdf, id=1052, 803.0pt x 602.25pt>
File: Figures/Bumpy-3-08-10-07-a.pdf Graphic file (type pdf)
<use Figures/Bumpy-3-08-10-07-a.pdf>
Package pdftex.def Info: Figures/Bumpy-3-08-10-07-a.pdf  used on input line 222
3.
(pdftex.def)             Requested size: 160.59715pt x 120.44786pt.
<Figures/Bumpy-4-06-08-07-a.pdf, id=1053, 803.0pt x 602.25pt>
File: Figures/Bumpy-4-06-08-07-a.pdf Graphic file (type pdf)
<use Figures/Bumpy-4-06-08-07-a.pdf>
Package pdftex.def Info: Figures/Bumpy-4-06-08-07-a.pdf  used on input line 222
6.
(pdftex.def)             Requested size: 160.59715pt x 120.44786pt.
<Figures/Bumpy-6-07-10-06-a.pdf, id=1054, 803.0pt x 602.25pt>
File: Figures/Bumpy-6-07-10-06-a.pdf Graphic file (type pdf)
<use Figures/Bumpy-6-07-10-06-a.pdf>
Package pdftex.def Info: Figures/Bumpy-6-07-10-06-a.pdf  used on input line 222
9.
(pdftex.def)             Requested size: 160.59715pt x 120.44786pt.
<Figures/Bumpy-8-04-09-08-a.pdf, id=1055, 803.0pt x 602.25pt>
File: Figures/Bumpy-8-04-09-08-a.pdf Graphic file (type pdf)
<use Figures/Bumpy-8-04-09-08-a.pdf>
Package pdftex.def Info: Figures/Bumpy-8-04-09-08-a.pdf  used on input line 223
2.
(pdftex.def)             Requested size: 160.59715pt x 120.44786pt.


pdfTeX warning: /Library/TeX/texbin/pdflatex (file ./Figures/xcells.pdf): PDF i
nclusion: found PDF version <1.7>, but at most version <1.5> allowed
<Figures/xcells.pdf, id=1057, 157.58875pt x 143.53625pt>
File: Figures/xcells.pdf Graphic file (type pdf)
<use Figures/xcells.pdf>
Package pdftex.def Info: Figures/xcells.pdf  used on input line 2247.
(pdftex.def)             Requested size: 157.58835pt x 143.53589pt.
[41 <./Figures/snapshot1a.pdf> <./Figures/snapshot1b.pdf> <./Figures/Nobby_5_03
_085.pdf>] [42 <./Figures/Bumpy-2-07-09-075-a.pdf> <./Figures/Bumpy-3-08-10-07-
a.pdf> <./Figures/Bumpy-4-06-08-07-a.pdf> <./Figures/Bumpy-6-07-10-06-a.pdf> <.
/Figures/Bumpy-8-04-09-08-a.pdf>]

pdfTeX warning: /Library/TeX/texbin/pdflatex (file ./Figures/four_arc.pdf): PDF
 inclusion: found PDF version <1.7>, but at most version <1.5> allowed
<Figures/four_arc.pdf, id=1101, 276.03125pt x 230.8625pt>
File: Figures/four_arc.pdf Graphic file (type pdf)
<use Figures/four_arc.pdf>
Package pdftex.def Info: Figures/four_arc.pdf  used on input line 2271.
(pdftex.def)             Requested size: 276.03056pt x 230.86192pt.
[43 <./Figures/xcells.pdf>] [44 <./Figures/four_arc.pdf>]
Overfull \hbox (4.1297pt too wide) in paragraph at lines 2354--2354
[]\OT1/cmtt/m/n/10.95 satrad, cenrad, cirrad  \OT1/cmr/bx/sc/10.95 (\OT1/cmtt/m
/n/10.95 * double precision\OT1/cmr/bx/sc/10.95 ) --- nobby (2D)
 []

LaTeX Font Info:    Font shape `OT1/cmtt/bx/n' in size <12> not available
(Font)              Font shape `OT1/cmtt/m/n' tried instead on input line 2377.

[45]

pdfTeX warning: /Library/TeX/texbin/pdflatex (file ./Figures/orientation.pdf): 
PDF inclusion: found PDF version <1.7>, but at most version <1.5> allowed
<Figures/orientation.pdf, id=1153, 256.96pt x 181.67876pt>
File: Figures/orientation.pdf Graphic file (type pdf)
<use Figures/orientation.pdf>
Package pdftex.def Info: Figures/orientation.pdf  used on input line 2418.
(pdftex.def)             Requested size: 256.95937pt x 181.6783pt.
[46 <./Figures/orientation.pdf>] [47]

pdfTeX warning: /Library/TeX/texbin/pdflatex (file ./Figures/coordinates.pdf): 
PDF inclusion: found PDF version <1.7>, but at most version <1.5> allowed
<Figures/coordinates.pdf, id=1183, 99.37125pt x 107.40125pt>
File: Figures/coordinates.pdf Graphic file (type pdf)
<use Figures/coordinates.pdf>
Package pdftex.def Info: Figures/coordinates.pdf  used on input line 2566.
(pdftex.def)             Requested size: 99.371pt x 107.40097pt.
[48] [49 <./Figures/coordinates.pdf>] [50] [51]
Overfull \hbox (13.27066pt too wide) in paragraph at lines 2792--2792
[]\OT1/cmtt/m/n/9 1.0320000E-04   5.948067E-05 -1.984000E-04  0.000000E+00  4.2
12188E-04     1623[] 
 []


Overfull \hbox (13.27066pt too wide) in paragraph at lines 2792--2792
[]  \OT1/cmtt/m/n/9 6.49E-04     -1.551593E+04 -2.071540E+04 -2.774535E+01  9.6
90910E+00 3.29E-07[] 
 []


Overfull \hbox (13.27066pt too wide) in paragraph at lines 2792--2792
[]  \OT1/cmtt/m/n/9 1.03E-03 0.00E+00 7.11E-04  6.519467E-03  5.346882E-02  2.6
55151E+00     3.00[] 
 []


Overfull \hbox (13.27066pt too wide) in paragraph at lines 2803--2803
[]  \OT1/cmtt/m/n/9 timer         defout(1,1)   defout(2,2)   defout(1,2)    kn
rgy         ntacts[] 
 []


Overfull \hbox (8.54572pt too wide) in paragraph at lines 2803--2803
[]   \OT1/cmtt/m/n/9 chi1         stress(1,1)   stress(2,2)   stress(1,2)    pn
rgy           psi[] 
 []


Overfull \hbox (13.27066pt too wide) in paragraph at lines 2803--2803
[]   \OT1/cmtt/m/n/9 chi2    chi3     chi4      viscbt        slidet         wo
rk1t        xloops[] 
 []


Overfull \hbox (13.27066pt too wide) in paragraph at lines 2811--2811
[] \OT1/cmtt/m/n/9 1pe14.7,   1x,  1pe14.6,     1pe14.6,      1pe14.6,       1p
e14.6,       i9,/,[] 
 []


Overfull \hbox (13.27066pt too wide) in paragraph at lines 2811--2811
[] \OT1/cmtt/m/n/9 2x,1pe9.2, 4x,  1pe14.6,     1pe14.6,      1pe14.6,       1p
e14.6,   1pe9.2,/,[] 
 []

[52] [53] [54] [55]
Overfull \hbox (3.82077pt too wide) in paragraph at lines 3073--3073
[]\OT1/cmtt/m/n/9 2.6000000E-05   5.313745E-06 -5.000000E-05  0.000000E+00  6.1
61242E-05   5168[] 
 []


Overfull \hbox (3.82077pt too wide) in paragraph at lines 3085--3085
[]  \OT1/cmtt/m/n/9 timer         defout(1,1)   defout(2,2)   defout(3,3)    kn
rgy       ntacts[] 
 []

[56]
Overfull \hbox (13.27066pt too wide) in paragraph at lines 3095--3095
[] \OT1/cmtt/m/n/9 1pe14.7,  1x,  1pe14.6,      1pe14.6,      1pe14.6,       1p
e14.6,       i7,/,[] 
 []


Overfull \hbox (13.27066pt too wide) in paragraph at lines 3095--3095
[] \OT1/cmtt/m/n/9 1pe15.2,       1pe14.6,      1pe14.6,      1pe14.6,       1p
e14.6,          /,[] 
 []


Overfull \hbox (13.27066pt too wide) in paragraph at lines 3095--3095
[] \OT1/cmtt/m/n/9 1pe15.2,       1pe14.6,      1pe14.6,      1pe14.6,       1p
e14.6,          /,[] 
 []


Overfull \hbox (13.27066pt too wide) in paragraph at lines 3095--3095
[] \OT1/cmtt/m/n/9 1pe15.2,       1pe14.6,      1pe14.6,      1pe14.6,       1p
e14.6,          /,[] 
 []

[57] [58]

pdfTeX warning: /Library/TeX/texbin/pdflatex (file ./Figures/dcel.pdf): PDF inc
lusion: found PDF version <1.7>, but at most version <1.5> allowed
<Figures/dcel.pdf, id=1341, 259.97125pt x 206.7725pt>
File: Figures/dcel.pdf Graphic file (type pdf)
<use Figures/dcel.pdf>
Package pdftex.def Info: Figures/dcel.pdf  used on input line 3292.
(pdftex.def)             Requested size: 259.97061pt x 206.77199pt.

LaTeX Warning: Reference `sec:ktype2' on page 59 undefined on input line 3310.

[59] [60 <./Figures/dcel.pdf>] [61] [62]
Overfull \hbox (2.53668pt too wide) in paragraph at lines 3477--3483
\OT1/cmr/m/n/10.95 fol-low-ing three sub-sec-tions: Fa-files (Sec-tion [][]10.7
.1[][]), Fb-files (Sec-tion [][]10.7.2[][]),
 []

[63]
Overfull \hbox (46.33095pt too wide) in paragraph at lines 3493--3497
[]\OT1/cmr/m/n/10.95 For 3D as-sem-blies of spheres, the for-mat of each line i
s \OT1/cmtt/m/n/10.95 4(1pe17.9),3(1pe18.9e3)\OT1/cmr/m/n/10.95 ,
 []


Underfull \hbox (badness 10000) in paragraph at lines 3493--3497

 []


Overfull \hbox (41.06885pt too wide) in paragraph at lines 3509--3513
[]\OT1/cmr/m/n/10.95 For 3D as-sem-blies of ovoids, the for-mat of each line is
 \OT1/cmtt/m/n/10.95 7(1pe17.9),3(1pe18.9e3)\OT1/cmr/m/n/10.95 ,
 []


Underfull \hbox (badness 10000) in paragraph at lines 3509--3513

 []


Overfull \hbox (51.10638pt too wide) in paragraph at lines 3532--3536
[]\OT1/cmr/m/n/10.95 For 3D as-sem-blies of bump-ies, the for-mat of each line 
is \OT1/cmtt/m/n/10.95 4(1pe17.9),4(1pe18.9e3)\OT1/cmr/m/n/10.95 ,
 []


Underfull \hbox (badness 10000) in paragraph at lines 3532--3536

 []

[64] [65] [66]
Overfull \hbox (13.27066pt too wide) in paragraph at lines 3769--3769
[]   \OT1/cmtt/m/n/9 2) Circular, spherical, elliptical, oval, and ovoid partic
les. (mpiece=4*mp)[] 
 []

[67]
Overfull \hbox (20.3288pt too wide) in paragraph at lines 3772--3778
[]\OT1/cmr/m/n/10.95 In this ex-am-ple, the names of the two in-put files are \
OT1/cmtt/m/n/10.95 Load1 \OT1/cmr/m/n/10.95 and \OT1/cmtt/m/n/10.95 Dcircls[]10
02\OT1/cmr/m/n/10.95 .
 []

[68]

LaTeX Warning: Reference `page:WebSite' on page 69 undefined on input line 3817
.


Overfull \hbox (25.91194pt too wide) in paragraph at lines 3827--3868
 [][] 
 []

[69]
<Figures/radius.pdf, id=1448, 158.5925pt x 144.54pt>
File: Figures/radius.pdf Graphic file (type pdf)
<use Figures/radius.pdf>
Package pdftex.def Info: Figures/radius.pdf  used on input line 3891.
(pdftex.def)             Requested size: 158.59209pt x 144.53963pt.
<Figures/radius3d.pdf, id=1449, 158.5925pt x 144.54pt>
File: Figures/radius3d.pdf Graphic file (type pdf)
<use Figures/radius3d.pdf>
Package pdftex.def Info: Figures/radius3d.pdf  used on input line 3893.
(pdftex.def)             Requested size: 158.59209pt x 144.53963pt.
 [70 <./Figures/radius.pdf> <./Figures/radius3d.pdf>]
(./Figures/Stress_all.tex) (./Figures/Volume_all.tex)

LaTeX Warning: Reference `page:WebSite' on page 71 undefined on input line 3964
.

[71] [72
Non-PDF special ignored!
<special> psfile=Stress_all.ps llx=0 lly=0 urx=504 ury=378 rwi=5040
Non-PDF special ignored!
<special> ps: gsave currentpoint currentpoint translate 270 rotate neg exch...
Non-PDF special ignored!
<special> ps: currentpoint grestore moveto
Non-PDF special ignored!
<special> psfile=Volume_all.ps llx=0 lly=0 urx=504 ury=353 rwi=5040
Non-PDF special ignored!
<special> ps: gsave currentpoint currentpoint translate 270 rotate neg exch...
Non-PDF special ignored!
<special> ps: currentpoint grestore moveto
] [73] [74]

pdfTeX warning: /Library/TeX/texbin/pdflatex (file ./Figures/four_circles.pdf):
 PDF inclusion: found PDF version <1.7>, but at most version <1.5> allowed
<Figures/four_circles.pdf, id=1530, 47.17625pt x 46.1725pt>
File: Figures/four_circles.pdf Graphic file (type pdf)
<use Figures/four_circles.pdf>
Package pdftex.def Info: Figures/four_circles.pdf  used on input line 4157.
(pdftex.def)             Requested size: 47.17612pt x 46.17236pt.
[75 <./Figures/four_circles.pdf>]
Overfull \hbox (4.29968pt too wide) in paragraph at lines 4199--4202
[]\OT1/cmr/m/n/10.95 Added the 3D non-spherical ovoid par-ti-cle (Sec-tions [][
]9.1.1[][], [][]9.2.5[][], [][]10.7.2[][]). 
 []

[76] [77] [78] (./dempla_0_2_1.bbl [79]) [80] (./dempla_0_2_1.aux)

LaTeX Font Warning: Some font shapes were not available, defaults substituted.


LaTeX Warning: There were undefined references.

Package rerunfilecheck Info: File `dempla_0_2_1.out' has not changed.
(rerunfilecheck)             Checksum: 45680E27D8DA4D9EBFA1A8B618A32B9E;18791.
 ) 
Here is how much of TeX's memory you used:
 9859 strings out of 478994
 144746 string characters out of 5858185
 463233 words of memory out of 5000000
 26857 multiletter control sequences out of 15000+600000
 419575 words of font info for 85 fonts, out of 8000000 for 9000
 1141 hyphenation exceptions out of 8191
 71i,16n,74p,478b,565s stack positions out of 5000i,500n,10000p,200000b,80000s
{/usr/local/texlive/2021/texmf-dist/fonts/enc/dvips/cm-super/cm-super-ts1.enc
}</usr/local/texlive/2021/texmf-dist/fonts/type1/public/amsfonts/cm/cmbx10.pfb>
</usr/local/texlive/2021/texmf-dist/fonts/type1/public/amsfonts/cm/cmbx12.pfb><
/usr/local/texlive/2021/texmf-dist/fonts/type1/public/amsfonts/cm/cmcsc10.pfb><
/usr/local/texlive/2021/texmf-dist/fonts/type1/public/amsfonts/cm/cmex10.pfb></
usr/local/texlive/2021/texmf-dist/fonts/type1/public/amsfonts/cm/cmmi10.pfb></u
sr/local/texlive/2021/texmf-dist/fonts/type1/public/amsfonts/cm/cmmi7.pfb></usr
/local/texlive/2021/texmf-dist/fonts/type1/public/amsfonts/cm/cmmi8.pfb></usr/l
ocal/texlive/2021/texmf-dist/fonts/type1/public/amsfonts/cm/cmmib10.pfb></usr/l
ocal/texlive/2021/texmf-dist/fonts/type1/public/amsfonts/cm/cmr10.pfb></usr/loc
al/texlive/2021/texmf-dist/fonts/type1/public/amsfonts/cm/cmr12.pfb></usr/local
/texlive/2021/texmf-dist/fonts/type1/public/amsfonts/cm/cmr17.pfb></usr/local/t
exlive/2021/texmf-dist/fonts/type1/public/amsfonts/cm/cmr7.pfb></usr/local/texl
ive/2021/texmf-dist/fonts/type1/public/amsfonts/cm/cmr8.pfb></usr/local/texlive
/2021/texmf-dist/fonts/type1/public/amsfonts/cm/cmr9.pfb></usr/local/texlive/20
21/texmf-dist/fonts/type1/public/amsfonts/cm/cmss10.pfb></usr/local/texlive/202
1/texmf-dist/fonts/type1/public/amsfonts/cm/cmssbx10.pfb></usr/local/texlive/20
21/texmf-dist/fonts/type1/public/amsfonts/cm/cmsy10.pfb></usr/local/texlive/202
1/texmf-dist/fonts/type1/public/amsfonts/cm/cmsy8.pfb></usr/local/texlive/2021/
texmf-dist/fonts/type1/public/amsfonts/cm/cmti10.pfb></usr/local/texlive/2021/t
exmf-dist/fonts/type1/public/amsfonts/cm/cmtt10.pfb></usr/local/texlive/2021/te
xmf-dist/fonts/type1/public/amsfonts/cm/cmtt12.pfb></usr/local/texlive/2021/tex
mf-dist/fonts/type1/public/amsfonts/cm/cmtt9.pfb></usr/local/texlive/2021/texmf
-dist/fonts/type1/public/cm-super/sfrm0600.pfb></usr/local/texlive/2021/texmf-d
ist/fonts/type1/public/cm-super/sfrm0800.pfb></usr/local/texlive/2021/texmf-dis
t/fonts/type1/public/cm-super/sfrm1095.pfb></usr/local/texlive/2021/texmf-dist/
fonts/type1/public/cm-super/sftt1095.pfb>
Output written on dempla_0_2_1.pdf (80 pages, 660871 bytes).
PDF statistics:
 1734 PDF objects out of 2073 (max. 8388607)
 1561 compressed objects within 16 object streams
 307 named destinations out of 1000 (max. 500000)
 1121 words of extra memory for PDF output out of 10000 (max. 10000000)

