\BOOKMARK [1][-]{section.1}{\376\377\000I\000n\000t\000r\000o\000d\000u\000c\000t\000i\000o\000n}{}% 1
\BOOKMARK [1][-]{section.2}{\376\377\000C\000o\000n\000t\000e\000n\000t\000s}{}% 2
\BOOKMARK [1][-]{section.3}{\376\377\000C\000a\000p\000a\000b\000i\000l\000i\000t\000i\000e\000s\000\040\000a\000n\000d\000\040\000l\000i\000m\000i\000t\000a\000t\000i\000o\000n\000s}{}% 3
\BOOKMARK [2][-]{subsection.3.1}{\376\377\000C\000a\000p\000a\000b\000i\000l\000i\000t\000i\000e\000s\000\040\000a\000n\000d\000\040\000l\000i\000m\000i\000t\000a\000t\000i\000o\000n\000s\000\040\000o\000f\000\040\000t\000h\000e\000\040\000c\000o\000d\000e}{section.3}% 4
\BOOKMARK [2][-]{subsection.3.2}{\376\377\000T\000h\000i\000n\000g\000s\000\040\000t\000o\000\040\000d\000o}{section.3}% 5
\BOOKMARK [1][-]{section.4}{\376\377\000A\000v\000a\000i\000l\000a\000b\000i\000l\000i\000t\000y\000\040\000a\000n\000d\000\040\000i\000n\000s\000t\000a\000l\000l\000a\000t\000i\000o\000n}{}% 6
\BOOKMARK [2][-]{subsection.4.1}{\376\377\000C\000o\000m\000p\000i\000l\000i\000n\000g\000\040\000D\000e\000m\000p\000l\000a\000\040\000o\000n\000\040\000L\000i\000n\000u\000x\000\040\000s\000y\000s\000t\000e\000m\000s}{section.4}% 7
\BOOKMARK [2][-]{subsection.4.2}{\376\377\000m\000a\000c\000O\000S\000\040\000s\000y\000s\000t\000e\000m\000s}{section.4}% 8
\BOOKMARK [2][-]{subsection.4.3}{\376\377\000W\000i\000n\000d\000o\000w\000s\000\040\000s\000y\000s\000t\000e\000m\000s}{section.4}% 9
\BOOKMARK [2][-]{subsection.4.4}{\376\377\000S\000o\000u\000r\000c\000e\000\040\000c\000o\000d\000e\000\040\000p\000a\000r\000a\000m\000e\000t\000e\000r\000s}{section.4}% 10
\BOOKMARK [1][-]{section.5}{\376\377\000H\000e\000l\000p\000f\000u\000l\000/\000e\000s\000s\000e\000n\000t\000i\000a\000l\000\040\000u\000t\000i\000l\000i\000t\000i\000e\000s}{}% 11
\BOOKMARK [1][-]{section.6}{\376\377\000R\000u\000n\000n\000i\000n\000g\000\040\000D\000e\000m\000p\000l\000a}{}% 12
\BOOKMARK [2][-]{subsection.6.1}{\376\377\000R\000u\000n\000n\000i\000n\000g\000\040\000D\000e\000m\000p\000l\000a\000\040\000i\000n\000\040\000M\000o\000d\000e\000\040\0001\000\040\040\024\000\040\000a\000n\000a\000l\000y\000z\000i\000n\000g\000\040\000s\000i\000n\000g\000l\000e\000\040\000a\000s\000s\000e\000m\000b\000l\000i\000e\000s}{section.6}% 13
\BOOKMARK [2][-]{subsection.6.2}{\376\377\000R\000u\000n\000n\000i\000n\000g\000\040\000D\000e\000m\000p\000l\000a\000\040\000i\000n\000\040\000M\000o\000d\000e\000\040\0002\000\040\040\024\000\040\000w\000a\000v\000e\000\040\000p\000r\000o\000p\000a\000g\000a\000t\000i\000o\000n\000\040\000a\000n\000a\000l\000y\000s\000i\000s}{section.6}% 14
\BOOKMARK [1][-]{section.7}{\376\377\000G\000F\000i\000l\000e\000s\000\040\000\050\000C\000o\000l\000u\000m\000n\000\040\000f\000i\000l\000e\000s\000\051}{}% 15
\BOOKMARK [2][-]{subsection.7.1}{\376\377\000G\000F\000i\000l\000e\000:\000\040\000G\000e\000n\000e\000r\000a\000l\000\040\000i\000n\000f\000o\000r\000m\000a\000t\000i\000o\000n\000\040\000s\000e\000c\000t\000i\000o\000n}{section.7}% 16
\BOOKMARK [3][-]{subsubsection.7.1.1}{\376\377\000c\000o\000m\000m\000e\000n\000t}{subsection.7.1}% 17
\BOOKMARK [3][-]{subsubsection.7.1.2}{\376\377\000g\000v\000e\000r\000s}{subsection.7.1}% 18
\BOOKMARK [3][-]{subsubsection.7.1.3}{\376\377\000n\000R\000V\000E\000s}{subsection.7.1}% 19
\BOOKMARK [3][-]{subsubsection.7.1.4}{\376\377\000n\000L\000a\000y\000e\000r\000s}{subsection.7.1}% 20
\BOOKMARK [3][-]{subsubsection.7.1.5}{\376\377\000i\000A\000B\000f\000i\000l\000e}{subsection.7.1}% 21
\BOOKMARK [3][-]{subsubsection.7.1.6}{\376\377\000i\000P\000r\000e\000P\000r\000o\000c\000e\000s\000s}{subsection.7.1}% 22
\BOOKMARK [3][-]{subsubsection.7.1.7}{\376\377\000B\000a\000s\000e\000D\000e\000p\000t\000h}{subsection.7.1}% 23
\BOOKMARK [3][-]{subsubsection.7.1.8}{\376\377\000W\000a\000t\000e\000r\000D\000e\000p\000t\000h}{subsection.7.1}% 24
\BOOKMARK [3][-]{subsubsection.7.1.9}{\376\377\000v\000i\000s\000c\000\137\000w}{subsection.7.1}% 25
\BOOKMARK [3][-]{subsubsection.7.1.10}{\376\377\000v\000i\000s\000c\000\137\000a}{subsection.7.1}% 26
\BOOKMARK [3][-]{subsubsection.7.1.11}{\376\377\000r\000h\000o\000\137\000w}{subsection.7.1}% 27
\BOOKMARK [3][-]{subsubsection.7.1.12}{\376\377\000r\000h\000o\000\137\000a}{subsection.7.1}% 28
\BOOKMARK [3][-]{subsubsection.7.1.13}{\376\377\000g\000r\000a\000v}{subsection.7.1}% 29
\BOOKMARK [3][-]{subsubsection.7.1.14}{\376\377\000c\000e\000n\000t\000r\000i\000f\000u\000g\000e}{subsection.7.1}% 30
\BOOKMARK [3][-]{subsubsection.7.1.15}{\376\377\000d\000d\000e\000f\000\137\000t\000a\000r\000g\000e\000t}{subsection.7.1}% 31
\BOOKMARK [3][-]{subsubsection.7.1.16}{\376\377\000n\000D\000e\000m\000p\000l\000a\000\137\000o\000u\000t}{subsection.7.1}% 32
\BOOKMARK [3][-]{subsubsection.7.1.17}{\376\377\000n\000D\000E\000M\000\137\000o\000u\000t}{subsection.7.1}% 33
\BOOKMARK [3][-]{subsubsection.7.1.18}{\376\377\000C\000\137\000f\000a\000c\000t\000o\000r}{subsection.7.1}% 34
\BOOKMARK [3][-]{subsubsection.7.1.19}{\376\377\000D\000i\000r\000e\000c\000t\000\137\000s\000o\000i\000l}{subsection.7.1}% 35
\BOOKMARK [3][-]{subsubsection.7.1.20}{\376\377\000D\000i\000p\000\137\000s\000o\000i\000l}{subsection.7.1}% 36
\BOOKMARK [3][-]{subsubsection.7.1.21}{\376\377\000D\000i\000r\000e\000c\000t\000\137\000w\000a\000t\000e\000r}{subsection.7.1}% 37
\BOOKMARK [3][-]{subsubsection.7.1.22}{\376\377\000D\000i\000p\000\137\000w\000a\000t\000e\000r}{subsection.7.1}% 38
\BOOKMARK [3][-]{subsubsection.7.1.23}{\376\377\000n\000T\000i\000l\000t\000S\000t\000e\000p\000s}{subsection.7.1}% 39
\BOOKMARK [3][-]{subsubsection.7.1.24}{\376\377\000n\000T\000i\000l\000t\000E\000q\000u\000i\000l}{subsection.7.1}% 40
\BOOKMARK [3][-]{subsubsection.7.1.25}{\376\377\000t\000\137\000P\000o\000s\000t\000S\000h\000a\000k\000e}{subsection.7.1}% 41
\BOOKMARK [3][-]{subsubsection.7.1.26}{\376\377\000t\000\137\000S\000e\000t\000l}{subsection.7.1}% 42
\BOOKMARK [2][-]{subsection.7.2}{\376\377\000G\000F\000i\000l\000e\000:\000\040\000L\000a\000y\000e\000r\000\040\000o\000p\000t\000i\000o\000n\000s\000\040\000s\000e\000c\000t\000i\000o\000n}{section.7}% 43
\BOOKMARK [3][-]{subsubsection.7.2.1}{\376\377\000l\000S\000a\000t}{subsection.7.2}% 44
\BOOKMARK [3][-]{subsubsection.7.2.2}{\376\377\000x\000S\000a\000t}{subsection.7.2}% 45
\BOOKMARK [3][-]{subsubsection.7.2.3}{\376\377\000k\000\137\000g\000e\000o\000t}{subsection.7.2}% 46
\BOOKMARK [3][-]{subsubsection.7.2.4}{\376\377\000i\000C\000a\000p}{subsection.7.2}% 47
\BOOKMARK [3][-]{subsubsection.7.2.5}{\376\377\000x\000C\000a\000p}{subsection.7.2}% 48
\BOOKMARK [1][-]{section.8}{\376\377\000L\000F\000i\000l\000e\000s\000\040\000\050\000L\000a\000y\000e\000r\000\040\000f\000i\000l\000e\000s\000\051}{}% 49
\BOOKMARK [2][-]{subsection.8.1}{\376\377\000c\000o\000m\000m\000e\000n\000t}{section.8}% 50
\BOOKMARK [2][-]{subsection.8.2}{\376\377\000l\000v\000e\000r\000s}{section.8}% 51
\BOOKMARK [2][-]{subsection.8.3}{\376\377\000I\000s\000o\000t\000r\000o\000p\000i\000c}{section.8}% 52
\BOOKMARK [2][-]{subsection.8.4}{\376\377\000L\000a\000y\000e\000r\000T\000h\000i\000c\000k\000n\000e\000s\000s}{section.8}% 53
\BOOKMARK [2][-]{subsection.8.5}{\376\377\000V\000o\000i\000d\000R\000a\000t\000i\000o}{section.8}% 54
\BOOKMARK [2][-]{subsection.8.6}{\376\377\000G\000\137\000s}{section.8}% 55
\BOOKMARK [2][-]{subsection.8.7}{\376\377\000R\000u\000n\000F\000i\000l\000e\000L\000a\000y\000e\000r}{section.8}% 56
\BOOKMARK [2][-]{subsection.8.8}{\376\377\000S\000t\000a\000r\000t\000F\000i\000l\000e\000L\000a\000y\000e\000r}{section.8}% 57
\BOOKMARK [1][-]{section.9}{\376\377\000M\000F\000i\000l\000e\000s\000\040\000\050\000M\000o\000t\000i\000o\000n\000\040\000f\000i\000l\000e\000s\000\051}{}% 58
\BOOKMARK [2][-]{subsection.9.1}{\376\377\000d\000t\000R\000o\000c\000k}{section.9}% 59
\BOOKMARK [2][-]{subsection.9.2}{\376\377\000x\000R\000o\000c\000k\000\050\0001\000:\0003\000,\000*\000\051}{section.9}% 60
\BOOKMARK [1][-]{section.10}{\376\377\000B\000o\000u\000n\000d\000a\000r\000y\000\040\000T\000y\000p\000e\000s}{}% 61
\BOOKMARK [2][-]{subsection.10.1}{\376\377\000P\000e\000r\000i\000o\000d\000i\000c\000\040\000b\000o\000u\000n\000d\000a\000r\000i\000e\000s}{section.10}% 62
\BOOKMARK [2][-]{subsection.10.2}{\376\377\000T\000i\000g\000h\000t\000-\000f\000i\000t\000t\000i\000n\000g\000\040\000p\000a\000r\000t\000i\000c\000l\000e\000\040\000b\000o\000u\000n\000d\000a\000r\000i\000e\000s}{section.10}% 63
\BOOKMARK [2][-]{subsection.10.3}{\376\377\000R\000i\000g\000i\000d\000-\000f\000l\000a\000t\000\040\000b\000o\000u\000n\000d\000a\000r\000i\000e\000s}{section.10}% 64
\BOOKMARK [2][-]{subsection.10.4}{\376\377\000E\000x\000t\000e\000r\000n\000a\000l\000-\000p\000a\000r\000t\000i\000c\000l\000e\000\040\000b\000o\000u\000n\000d\000a\000r\000i\000e\000s}{section.10}% 65
\BOOKMARK [3][-]{subsubsection.10.4.1}{\376\377\000i\000p\000v\000e\000r\000s}{subsection.10.4}% 66
\BOOKMARK [3][-]{subsubsection.10.4.2}{\376\377\000i\000x\000f\000i\000x\000\050\0001\000\051}{subsection.10.4}% 67
\BOOKMARK [3][-]{subsubsection.10.4.3}{\376\377\000i\000d\000i\000r\000e\000c}{subsection.10.4}% 68
\BOOKMARK [3][-]{subsubsection.10.4.4}{\376\377\000n\000p\000l\000t}{subsection.10.4}% 69
\BOOKMARK [3][-]{subsubsection.10.4.5}{\376\377\000r\000a\000d\000,\000x\000p\000\050\0001\000\051}{subsection.10.4}% 70
\BOOKMARK [1][-]{section.11}{\376\377\000R\000u\000n\000F\000i\000l\000e\000s\000\040\000f\000o\000r\000\040\000D\000e\000m\000p\000l\000a\000\040\000a\000n\000d\000\040\000O\000v\000a\000l}{}% 71
\BOOKMARK [2][-]{subsection.11.1}{\376\377\000R\000u\000n\000F\000i\000l\000e\000:\000\040\000G\000e\000n\000e\000r\000a\000l\000\040\000i\000n\000f\000o\000r\000m\000a\000t\000i\000o\000n\000\040\000s\000e\000c\000t\000i\000o\000n}{section.11}% 72
\BOOKMARK [3][-]{subsubsection.11.1.1}{\376\377\000t\000i\000t\000l\000e}{subsection.11.1}% 73
\BOOKMARK [3][-]{subsubsection.11.1.2}{\376\377\000a\000l\000g\000o\000r\000i}{subsection.11.1}% 74
\BOOKMARK [3][-]{subsubsection.11.1.3}{\376\377\000i\000v\000e\000r\000s}{subsection.11.1}% 75
\BOOKMARK [3][-]{subsubsection.11.1.4}{\376\377\000n\000c\000o\000w\000n\000t}{subsection.11.1}% 76
\BOOKMARK [3][-]{subsubsection.11.1.5}{\376\377\000i\000o\000u\000t\000\050\0002\000\051}{subsection.11.1}% 77
\BOOKMARK [3][-]{subsubsection.11.1.6}{\376\377\000i\000o\000u\000t\000\050\0003\000\051}{subsection.11.1}% 78
\BOOKMARK [3][-]{subsubsection.11.1.7}{\376\377\000i\000s\000t\000a\000r\000t}{subsection.11.1}% 79
\BOOKMARK [3][-]{subsubsection.11.1.8}{\376\377\000i\000e\000n\000d}{subsection.11.1}% 80
\BOOKMARK [3][-]{subsubsection.11.1.9}{\376\377\000i\000d\000e\000f}{subsection.11.1}% 81
\BOOKMARK [3][-]{subsubsection.11.1.10}{\376\377\000i\000u\000p\000d\000t\000m}{subsection.11.1}% 82
\BOOKMARK [3][-]{subsubsection.11.1.11}{\376\377\000i\000c\000i\000r\000c\000t}{subsection.11.1}% 83
\BOOKMARK [3][-]{subsubsection.11.1.12}{\376\377\000i\000m\000o\000d\000e\000l}{subsection.11.1}% 84
\BOOKMARK [3][-]{subsubsection.11.1.13}{\376\377\000n\000p\000l\000a\000t\000n}{subsection.11.1}% 85
\BOOKMARK [3][-]{subsubsection.11.1.14}{\376\377\000n\000l\000o\000o\000p\0001}{subsection.11.1}% 86
\BOOKMARK [3][-]{subsubsection.11.1.15}{\376\377\000i\000e\000x\000a\000c\000t}{subsection.11.1}% 87
\BOOKMARK [3][-]{subsubsection.11.1.16}{\376\377\000i\000s\000u\000b}{subsection.11.1}% 88
\BOOKMARK [3][-]{subsubsection.11.1.17}{\376\377\000i\000d\000a\000m\000p}{subsection.11.1}% 89
\BOOKMARK [3][-]{subsubsection.11.1.18}{\376\377\000i\000h\000e\000a\000t}{subsection.11.1}% 90
\BOOKMARK [3][-]{subsubsection.11.1.19}{\376\377\000i\000c\000o\000e\000f}{subsection.11.1}% 91
\BOOKMARK [3][-]{subsubsection.11.1.20}{\376\377\000i\000p\000o\000r\000o}{subsection.11.1}% 92
\BOOKMARK [3][-]{subsubsection.11.1.21}{\376\377\000i\000f\000r\000e\000e}{subsection.11.1}% 93
\BOOKMARK [3][-]{subsubsection.11.1.22}{\376\377\000k\000n\000\040\000o\000r\000\040\000G}{subsection.11.1}% 94
\BOOKMARK [3][-]{subsubsection.11.1.23}{\376\377\000k\000r\000a\000t\000i\000o}{subsection.11.1}% 95
\BOOKMARK [3][-]{subsubsection.11.1.24}{\376\377\000f\000r\000i\000c\000t}{subsection.11.1}% 96
\BOOKMARK [3][-]{subsubsection.11.1.25}{\376\377\000f\000r\000i\000c\000t\000w}{subsection.11.1}% 97
\BOOKMARK [3][-]{subsubsection.11.1.26}{\376\377\000r\000h\000o}{subsection.11.1}% 98
\BOOKMARK [3][-]{subsubsection.11.1.27}{\376\377\000s\000e\000a\000r\000c\000h}{subsection.11.1}% 99
\BOOKMARK [3][-]{subsubsection.11.1.28}{\376\377\000p\000c\000r\000i\000t\000\050\0001\000\051}{subsection.11.1}% 100
\BOOKMARK [3][-]{subsubsection.11.1.29}{\376\377\000p\000c\000r\000i\000t\000\050\0002\000\051}{subsection.11.1}% 101
\BOOKMARK [3][-]{subsubsection.11.1.30}{\376\377\000p\000c\000r\000i\000t\000\050\0003\000\051}{subsection.11.1}% 102
\BOOKMARK [3][-]{subsubsection.11.1.31}{\376\377\000x\000s\000e\000e\000d}{subsection.11.1}% 103
\BOOKMARK [3][-]{subsubsection.11.1.32}{\376\377\000r\000m\000s\000v\000e\000l}{subsection.11.1}% 104
\BOOKMARK [3][-]{subsubsection.11.1.33}{\376\377\000p\000d\000i\000f}{subsection.11.1}% 105
\BOOKMARK [3][-]{subsubsection.11.1.34}{\376\377\000t\000m\000a\000x}{subsection.11.1}% 106
\BOOKMARK [3][-]{subsubsection.11.1.35}{\376\377\000A\000\137\0001}{subsection.11.1}% 107
\BOOKMARK [3][-]{subsubsection.11.1.36}{\376\377\000d\000t}{subsection.11.1}% 108
\BOOKMARK [3][-]{subsubsection.11.1.37}{\376\377\000g\000r\000a\000v\000t\000y}{subsection.11.1}% 109
\BOOKMARK [3][-]{subsubsection.11.1.38}{\376\377\000p\000\137\000o}{subsection.11.1}% 110
\BOOKMARK [3][-]{subsubsection.11.1.39}{\376\377\000K\000\137\000s}{subsection.11.1}% 111
\BOOKMARK [3][-]{subsubsection.11.1.40}{\376\377\000K\000\137\000f}{subsection.11.1}% 112
\BOOKMARK [3][-]{subsubsection.11.1.41}{\376\377\000S\000\137\000o}{subsection.11.1}% 113
\BOOKMARK [3][-]{subsubsection.11.1.42}{\376\377\000p\000\137\000a\000t\000m}{subsection.11.1}% 114
\BOOKMARK [3][-]{subsubsection.11.1.43}{\376\377\000H\000c\000c}{subsection.11.1}% 115
\BOOKMARK [3][-]{subsubsection.11.1.44}{\376\377\000g\000a\000m\000m}{subsection.11.1}% 116
\BOOKMARK [3][-]{subsubsection.11.1.45}{\376\377\000D\000\137\000o}{subsection.11.1}% 117
\BOOKMARK [3][-]{subsubsection.11.1.46}{\376\377\000N\000\137\000o}{subsection.11.1}% 118
\BOOKMARK [3][-]{subsubsection.11.1.47}{\376\377\000p\000\137\000v\000a\000p}{subsection.11.1}% 119
\BOOKMARK [3][-]{subsubsection.11.1.48}{\376\377\000p\000\137\000w\000c\000a\000v}{subsection.11.1}% 120
\BOOKMARK [3][-]{subsubsection.11.1.49}{\376\377\000r\000f\000r\000e\000e}{subsection.11.1}% 121
\BOOKMARK [3][-]{subsubsection.11.1.50}{\376\377\000p\000a\000l\000p\000h\000a}{subsection.11.1}% 122
\BOOKMARK [2][-]{subsection.11.2}{\376\377\000R\000u\000n\000F\000i\000l\000e\000:\000\040\000D\000e\000f\000o\000r\000m\000a\000t\000i\000o\000n\000-\000s\000t\000r\000e\000s\000s\000\040\000p\000a\000t\000h\000\040\000s\000e\000c\000t\000i\000o\000n}{section.11}% 123
\BOOKMARK [3][-]{subsubsection.11.2.1}{\376\377\000i\000c\000o\000n\000t\000r}{subsection.11.2}% 124
\BOOKMARK [3][-]{subsubsection.11.2.2}{\376\377\000i\000c\000o\000n\000t\000p}{subsection.11.2}% 125
\BOOKMARK [3][-]{subsubsection.11.2.3}{\376\377\000d\000e\000f\000r\000a\000t\000\050\0001\000-\0006\000\051}{subsection.11.2}% 126
\BOOKMARK [3][-]{subsubsection.11.2.4}{\376\377\000d\000e\000f\000r\000a\000t\000\050\0008\000\051}{subsection.11.2}% 127
\BOOKMARK [3][-]{subsubsection.11.2.5}{\376\377\000i\000g\000o\000a\000l}{subsection.11.2}% 128
\BOOKMARK [3][-]{subsubsection.11.2.6}{\376\377\000k\000r\000o\000t\000a\000t}{subsection.11.2}% 129
\BOOKMARK [3][-]{subsubsection.11.2.7}{\376\377\000f\000i\000n\000a\000l\000v}{subsection.11.2}% 130
\BOOKMARK [3][-]{subsubsection.11.2.8}{\376\377\000i\000p\000t\000s}{subsection.11.2}% 131
\BOOKMARK [3][-]{subsubsection.11.2.9}{\376\377\000i\000d\000u\000m\000p}{subsection.11.2}% 132
\BOOKMARK [3][-]{subsubsection.11.2.10}{\376\377\000i\000f\000l\000e\000x\000c}{subsection.11.2}% 133
\BOOKMARK [3][-]{subsubsection.11.2.11}{\376\377\000i\000m\000i\000c\000r\000o}{subsection.11.2}% 134
\BOOKMARK [3][-]{subsubsection.11.2.12}{\376\377\000i\000b\000o\000d\000y\000f}{subsection.11.2}% 135
\BOOKMARK [3][-]{subsubsection.11.2.13}{\376\377\000d\000e\000f\000d\000o\000t}{subsection.11.2}% 136
\BOOKMARK [3][-]{subsubsection.11.2.14}{\376\377\000i\000p\000t\000s\0002}{subsection.11.2}% 137
\BOOKMARK [3][-]{subsubsection.11.2.15}{\376\377\000i\000p\000l\000o\000t}{subsection.11.2}% 138
\BOOKMARK [1][-]{section.12}{\376\377\000S\000t\000a\000r\000t\000F\000i\000l\000e\000:\000\040\000T\000h\000e\000\040\000i\000n\000i\000t\000i\000a\000l\000\040\000p\000a\000r\000t\000i\000c\000l\000e\000\040\000a\000r\000r\000a\000n\000g\000e\000m\000e\000n\000t}{}% 139
\BOOKMARK [2][-]{subsection.12.1}{\376\377\000A\000s\000s\000e\000m\000b\000l\000y\000\040\000d\000a\000t\000a\000\040\000i\000n\000\040\000D\000-\000S\000t\000a\000r\000t\000F\000i\000l\000e\000s}{section.12}% 140
\BOOKMARK [3][-]{subsubsection.12.1.1}{\376\377\000k\000s\000h\000a\000p\000e}{subsection.12.1}% 141
\BOOKMARK [3][-]{subsubsection.12.1.2}{\376\377\000n\000p\000,\000\040\000x\000c\000e\000l\000l\000\050\0001\000,\0001\000\051}{subsection.12.1}% 142
\BOOKMARK [3][-]{subsubsection.12.1.3}{\376\377\000x\000c\000e\000l\000l\000\050\0001\000,\0002\000\051}{subsection.12.1}% 143
\BOOKMARK [3][-]{subsubsection.12.1.4}{\376\377\000b\000e\000t\000a}{subsection.12.1}% 144
\BOOKMARK [3][-]{subsubsection.12.1.5}{\376\377\000n\000o\000b\000s\000\040\000o\000r\000\040\000n\000b\000u\000m\000p\000s}{subsection.12.1}% 145
\BOOKMARK [3][-]{subsubsection.12.1.6}{\376\377\000s\000a\000t\000r\000a\000d\000,\000\040\000c\000e\000n\000r\000a\000d\000,\000\040\000c\000i\000r\000r\000a\000d}{subsection.12.1}% 146
\BOOKMARK [2][-]{subsection.12.2}{\376\377\000P\000a\000r\000t\000i\000c\000l\000e\000\040\000d\000a\000t\000a\000\040\000i\000n\000\040\000D\000-\000S\000t\000a\000r\000t\000F\000i\000l\000e\000s}{section.12}% 147
\BOOKMARK [3][-]{subsubsection.12.2.1}{\376\377\000C\000i\000r\000c\000l\000e\000\040\000\050\000d\000i\000s\000k\000\051\000\040\000p\000a\000r\000t\000i\000c\000l\000e\000\040\000d\000a\000t\000a}{subsection.12.2}% 148
\BOOKMARK [3][-]{subsubsection.12.2.2}{\376\377\000O\000v\000a\000l\000\040\000p\000a\000r\000t\000i\000c\000l\000e\000\040\000d\000a\000t\000a}{subsection.12.2}% 149
\BOOKMARK [3][-]{subsubsection.12.2.3}{\376\377\000E\000l\000l\000i\000p\000s\000e\000\040\000p\000a\000r\000t\000i\000c\000l\000e\000\040\000d\000a\000t\000a}{subsection.12.2}% 150
\BOOKMARK [3][-]{subsubsection.12.2.4}{\376\377\000S\000p\000h\000e\000r\000e\000\040\000p\000a\000r\000t\000i\000c\000l\000e\000\040\000d\000a\000t\000a}{subsection.12.2}% 151
\BOOKMARK [3][-]{subsubsection.12.2.5}{\376\377\000O\000v\000o\000i\000d\000\040\000p\000a\000r\000t\000i\000c\000l\000e\000\040\000d\000a\000t\000a}{subsection.12.2}% 152
\BOOKMARK [3][-]{subsubsection.12.2.6}{\376\377\000N\000o\000b\000b\000y\000\040\000\050\0002\000D\000\051\000\040\000p\000a\000r\000t\000i\000c\000l\000e\000\040\000d\000a\000t\000a}{subsection.12.2}% 153
\BOOKMARK [3][-]{subsubsection.12.2.7}{\376\377\000B\000u\000m\000p\000y\000\040\000\050\0003\000D\000\051\000\040\000p\000a\000r\000t\000i\000c\000l\000e\000\040\000d\000a\000t\000a}{subsection.12.2}% 154
\BOOKMARK [1][-]{section.13}{\376\377\000T\000e\000x\000t\000\040\000o\000u\000t\000p\000u\000t\000\040\000f\000i\000l\000e\000s\000\040\000f\000r\000o\000m\000\040\000D\000e\000m\000p\000l\000a}{}% 155
\BOOKMARK [2][-]{subsection.13.1}{\376\377\000A\000-\000f\000i\000l\000e\000s\000:\000\040\000m\000a\000c\000r\000o\000-\000d\000a\000t\000a\000\040\000f\000o\000r\000\040\000s\000p\000r\000e\000a\000d\000s\000h\000e\000e\000t\000s}{section.13}% 156
\BOOKMARK [2][-]{subsection.13.2}{\376\377\000B\000-\000f\000i\000l\000e\000s\000:\000\040\000m\000a\000c\000r\000o\000-\000d\000a\000t\000a\000\040\000t\000e\000x\000t\000\040\000f\000i\000l\000e\000s}{section.13}% 157
\BOOKMARK [2][-]{subsection.13.3}{\376\377\000B\000-\000f\000i\000l\000e\000s\000\040\000w\000i\000t\000h\000\040\0002\000D\000\040\000s\000i\000m\000u\000l\000a\000t\000i\000o\000n\000s}{section.13}% 158
\BOOKMARK [3][-]{subsubsection.13.3.1}{\376\377\000t\000i\000m\000e\000r}{subsection.13.3}% 159
\BOOKMARK [3][-]{subsubsection.13.3.2}{\376\377\000d\000e\000f\000o\000u\000t\000\050\000i\000,\000j\000\051}{subsection.13.3}% 160
\BOOKMARK [3][-]{subsubsection.13.3.3}{\376\377\000k\000n\000r\000g\000y}{subsection.13.3}% 161
\BOOKMARK [3][-]{subsubsection.13.3.4}{\376\377\000n\000t\000a\000c\000t\000s}{subsection.13.3}% 162
\BOOKMARK [3][-]{subsubsection.13.3.5}{\376\377\000c\000h\000i\0001}{subsection.13.3}% 163
\BOOKMARK [3][-]{subsubsection.13.3.6}{\376\377\000s\000t\000r\000e\000s\000s\000\050\000i\000,\000j\000\051}{subsection.13.3}% 164
\BOOKMARK [3][-]{subsubsection.13.3.7}{\376\377\000p\000n\000r\000g\000y}{subsection.13.3}% 165
\BOOKMARK [3][-]{subsubsection.13.3.8}{\376\377\000p\000s\000i}{subsection.13.3}% 166
\BOOKMARK [3][-]{subsubsection.13.3.9}{\376\377\000c\000h\000i\0002}{subsection.13.3}% 167
\BOOKMARK [3][-]{subsubsection.13.3.10}{\376\377\000c\000h\000i\0003}{subsection.13.3}% 168
\BOOKMARK [3][-]{subsubsection.13.3.11}{\376\377\000c\000h\000i\0004}{subsection.13.3}% 169
\BOOKMARK [3][-]{subsubsection.13.3.12}{\376\377\000v\000i\000s\000c\000b\000t}{subsection.13.3}% 170
\BOOKMARK [3][-]{subsubsection.13.3.13}{\376\377\000s\000l\000i\000d\000e\000t}{subsection.13.3}% 171
\BOOKMARK [3][-]{subsubsection.13.3.14}{\376\377\000w\000o\000r\000k\0001\000t}{subsection.13.3}% 172
\BOOKMARK [3][-]{subsubsection.13.3.15}{\376\377\000x\000l\000o\000o\000p\000s}{subsection.13.3}% 173
\BOOKMARK [3][-]{subsubsection.13.3.16}{\376\377\000v\000i\000s\000c\000c\000t}{subsection.13.3}% 174
\BOOKMARK [2][-]{subsection.13.4}{\376\377\000B\000-\000f\000i\000l\000e\000s\000\040\000w\000i\000t\000h\000\040\0003\000D\000\040\000s\000i\000m\000u\000l\000a\000t\000i\000o\000n\000s}{section.13}% 175
\BOOKMARK [2][-]{subsection.13.5}{\376\377\000F\000-\000f\000i\000l\000e\000s\000:\000\040\000m\000i\000c\000r\000o\000-\000d\000a\000t\000a\000\040\000t\000e\000x\000t\000\040\000f\000i\000l\000e\000s}{section.13}% 176
\BOOKMARK [2][-]{subsection.13.6}{\376\377\000F\000-\000f\000i\000l\000e\000s\000\040\000f\000o\000r\000\040\0002\000D\000\040\000a\000s\000s\000e\000m\000b\000l\000i\000e\000s}{section.13}% 177
\BOOKMARK [3][-]{subsubsection.13.6.1}{\376\377\000F\000a\000-\000f\000i\000l\000e\000s\000\040\000f\000o\000r\000\040\0002\000D\000\040\000a\000s\000s\000e\000m\000b\000l\000i\000e\000s}{subsection.13.6}% 178
\BOOKMARK [3][-]{subsubsection.13.6.2}{\376\377\000F\000b\000-\000f\000i\000l\000e\000s\000\040\000f\000o\000r\000\040\0002\000D\000\040\000a\000s\000s\000e\000m\000b\000l\000i\000e\000s}{subsection.13.6}% 179
\BOOKMARK [3][-]{subsubsection.13.6.3}{\376\377\000F\000c\000-\000f\000i\000l\000e\000s\000\040\000f\000o\000r\000\040\0002\000D\000\040\000a\000s\000s\000e\000m\000b\000l\000i\000e\000s\000\040\000o\000f\000\040\000c\000o\000n\000v\000e\000x\000\040\000p\000a\000r\000t\000i\000c\000l\000e\000s}{subsection.13.6}% 180
\BOOKMARK [3][-]{subsubsection.13.6.4}{\376\377\000F\000c\000-\000f\000i\000l\000e\000s\000\040\000f\000o\000r\000\040\0002\000D\000\040\000a\000s\000s\000e\000m\000b\000l\000i\000e\000s\000\040\000o\000f\000\040\000n\000o\000n\000-\000c\000o\000n\000v\000e\000x\000\040\000p\000a\000r\000t\000i\000c\000l\000e\000s}{subsection.13.6}% 181
\BOOKMARK [3][-]{subsubsection.13.6.5}{\376\377\000F\000d\000-\000f\000i\000l\000e\000s\000\040\000f\000o\000r\000\040\0002\000D\000\040\000a\000s\000s\000e\000m\000b\000l\000i\000e\000s}{subsection.13.6}% 182
\BOOKMARK [3][-]{subsubsection.13.6.6}{\376\377\000F\000f\000-\000f\000i\000l\000e\000s\000\040\000f\000o\000r\000\040\0002\000D\000\040\000a\000s\000s\000e\000m\000b\000l\000i\000e\000s}{subsection.13.6}% 183
\BOOKMARK [2][-]{subsection.13.7}{\376\377\000F\000-\000f\000i\000l\000e\000s\000\040\000f\000o\000r\000\040\0003\000D\000\040\000a\000s\000s\000e\000m\000b\000l\000i\000e\000s}{section.13}% 184
\BOOKMARK [3][-]{subsubsection.13.7.1}{\376\377\000F\000a\000-\000f\000i\000l\000e\000s\000\040\000f\000o\000r\000\040\0003\000D\000\040\000a\000s\000s\000e\000m\000b\000l\000i\000e\000s}{subsection.13.7}% 185
\BOOKMARK [3][-]{subsubsection.13.7.2}{\376\377\000F\000b\000-\000f\000i\000l\000e\000s\000\040\000f\000o\000r\000\040\0003\000D\000\040\000a\000s\000s\000e\000m\000b\000l\000i\000e\000s}{subsection.13.7}% 186
\BOOKMARK [3][-]{subsubsection.13.7.3}{\376\377\000F\000c\000-\000f\000i\000l\000e\000s\000\040\000f\000o\000r\000\040\0003\000D\000\040\000a\000s\000s\000e\000m\000b\000l\000i\000e\000s}{subsection.13.7}% 187
\BOOKMARK [3][-]{subsubsection.13.7.4}{\376\377\000F\000f\000-\000f\000i\000l\000e\000s\000\040\000f\000o\000r\000\040\0003\000D\000\040\000a\000s\000s\000e\000m\000b\000l\000i\000e\000s}{subsection.13.7}% 188
\BOOKMARK [1][-]{section.14}{\376\377\000R\000e\000s\000u\000l\000t\000s\000\040\000f\000i\000l\000e\000s\000\040\000f\000o\000r\000\040\000w\000a\000v\000e\000\040\000p\000r\000o\000p\000a\000g\000a\000t\000i\000o\000n\000\040\000s\000i\000m\000u\000l\000a\000t\000i\000o\000n\000s}{}% 189
\BOOKMARK [1][-]{section.15}{\376\377\000S\000c\000r\000e\000e\000n\000\040\000o\000u\000t\000p\000u\000t\000\040\000f\000r\000o\000m\000\040\000D\000e\000m\000p\000l\000a}{}% 190
\BOOKMARK [1][-]{section.16}{\376\377\000S\000a\000m\000p\000l\000e\000\040\000a\000s\000s\000e\000m\000b\000l\000i\000e\000s\000\040\000f\000o\000r\000\040\000D\000e\000m\000p\000l\000a}{}% 191
\BOOKMARK [1][-]{section.17}{\376\377\000E\000x\000a\000m\000p\000l\000e\000\040\000s\000i\000m\000u\000l\000a\000t\000i\000o\000n\000s}{}% 192
\BOOKMARK [2][-]{subsection.17.1}{\376\377\000M\000o\000d\000e\000\040\0001\000\040\000s\000i\000m\000u\000l\000a\000t\000i\000o\000n\000\040\000o\000f\000\040\000m\000o\000n\000o\000t\000o\000n\000i\000c\000\040\000u\000n\000d\000r\000a\000i\000n\000e\000d\000\040\000t\000r\000i\000a\000x\000i\000a\000l\000\040\000c\000o\000m\000p\000r\000e\000s\000s\000i\000o\000n\000\040\000o\000f\000\040\000u\000n\000s\000a\000t\000u\000r\000a\000t\000e\000d\000\040\000s\000a\000n\000d}{section.17}% 193
\BOOKMARK [3][-]{subsubsection.17.1.1}{\376\377\000I\000n\000t\000r\000o\000d\000u\000c\000t\000i\000o\000n}{subsection.17.1}% 194
\BOOKMARK [3][-]{subsubsection.17.1.2}{\376\377\000S\000e\000t\000u\000p\000\040\000a\000n\000d\000\040\000r\000u\000n\000n\000i\000n\000g\000\040\000t\000h\000e\000\040\000s\000i\000m\000u\000l\000a\000t\000i\000o\000n}{subsection.17.1}% 195
\BOOKMARK [3][-]{subsubsection.17.1.3}{\376\377\000F\000e\000a\000t\000u\000r\000e\000s\000\040\000o\000f\000\040\000t\000h\000e\000\040\000R\000u\000n\000F\000i\000l\000e}{subsection.17.1}% 196
\BOOKMARK [2][-]{subsection.17.2}{\376\377\000M\000o\000d\000e\000\040\0001\000\040\000s\000i\000m\000u\000l\000a\000t\000i\000o\000n\000\040\000o\000f\000\040\000c\000y\000c\000l\000i\000c\000\040\000u\000n\000d\000r\000a\000i\000n\000e\000d\000\040\000t\000r\000i\000a\000x\000i\000a\000l\000\040\000c\000o\000m\000p\000r\000e\000s\000s\000i\000o\000n\000\040\000o\000f\000\040\000u\000n\000s\000a\000t\000u\000r\000a\000t\000e\000d\000\040\000s\000a\000n\000d}{section.17}% 197
\BOOKMARK [3][-]{subsubsection.17.2.1}{\376\377\000I\000n\000t\000r\000o\000d\000u\000c\000t\000i\000o\000n}{subsection.17.2}% 198
\BOOKMARK [3][-]{subsubsection.17.2.2}{\376\377\000S\000e\000t\000u\000p\000\040\000a\000n\000d\000\040\000r\000u\000n\000n\000i\000n\000g\000\040\000t\000h\000e\000\040\000s\000i\000m\000u\000l\000a\000t\000i\000o\000n}{subsection.17.2}% 199
\BOOKMARK [3][-]{subsubsection.17.2.3}{\376\377\000F\000e\000a\000t\000u\000r\000e\000s\000\040\000o\000f\000\040\000t\000h\000e\000\040\000R\000u\000n\000F\000i\000l\000e}{subsection.17.2}% 200
\BOOKMARK [2][-]{subsection.17.3}{\376\377\000M\000o\000d\000e\000\040\0002\000\040\000w\000a\000v\000e\000\040\000p\000r\000o\000p\000a\000g\000a\000t\000i\000o\000n\000\040\000i\000n\000\040\000d\000r\000y\000\040\000s\000o\000i\000l\000\040\000c\000o\000l\000u\000m\000n}{section.17}% 201
\BOOKMARK [3][-]{subsubsection.17.3.1}{\376\377\000I\000n\000t\000r\000o\000d\000u\000c\000t\000i\000o\000n}{subsection.17.3}% 202
\BOOKMARK [3][-]{subsubsection.17.3.2}{\376\377\000S\000e\000t\000u\000p\000\040\000a\000n\000d\000\040\000r\000u\000n\000n\000i\000n\000g\000\040\000t\000h\000e\000\040\000s\000i\000m\000u\000l\000a\000t\000i\000o\000n}{subsection.17.3}% 203
\BOOKMARK [2][-]{subsection.17.4}{\376\377\000F\000e\000a\000t\000u\000r\000e\000s\000\040\000o\000f\000\040\000t\000h\000e\000\040\000s\000i\000m\000u\000l\000a\000t\000i\000o\000n\000\040\000a\000n\000d\000\040\000i\000n\000p\000u\000t\000\040\000f\000i\000l\000e\000s}{section.17}% 204
\BOOKMARK [2][-]{subsection.17.5}{\376\377\000O\000t\000h\000e\000r\000\040\000M\000o\000d\000e\000\040\0002\000\040\000s\000i\000m\000u\000l\000a\000t\000i\000o\000n\000s\000\040\000o\000f\000\040\000w\000a\000v\000e\000\040\000p\000r\000o\000p\000a\000g\000a\000t\000i\000o\000n\000\040\000i\000n\000\040\000c\000e\000n\000t\000r\000i\000f\000u\000g\000e\000\040\000t\000e\000s\000t\000s}{section.17}% 205
\BOOKMARK [1][-]{section.18}{\376\377\000O\000c\000t\000a\000v\000e\000\040\000\050\000M\000a\000t\000l\000a\000b\000\051\000\040\000f\000i\000l\000e\000s}{}% 206
\BOOKMARK [1][-]{section.19}{\376\377\000S\000o\000m\000e\000\040\000a\000d\000v\000i\000c\000e\000\040\000o\000n\000\040\000u\000s\000i\000n\000g\000\040\000D\000e\000m\000p\000l\000a}{}% 207
\BOOKMARK [1][-]{section.20}{\376\377\000C\000h\000a\000n\000g\000e\000\040\000L\000o\000g}{}% 208
\BOOKMARK [1][-]{section.21}{\376\377\000R\000e\000f\000e\000r\000e\000n\000c\000e\000s}{}% 209
